# JRE version: OpenJDK Runtime Environment Temurin-21.0.9+10 (21.0.9+10) (build 21.0.9+10-LTS)
# Java VM: OpenJDK 64-Bit Server VM Temurin-21.0.9+10 (21.0.9+10-LTS, mixed mode, sharing, tiered, compressed oops, compressed class ptrs, parallel gc, windows-amd64)
GC Precious Log:
 CardTable entry size: 512
 CPUs: 12 total, 12 available
 Memory: 16125M
 Large Page Support: Disabled
 NUMA Support: Disabled
 Compressed Oops: Enabled (32-bit)
 Alignments: Space 512K, Generation 512K, Heap 2M
 Heap Min Capacity: 100M
 Heap Initial Capacity: 100M
 Heap Max Capacity: 2G
 Pre-touch: Disabled
 Parallel Workers: 10
Heap:
 PSYoungGen      total 8704K, used 1098K [0x00000000d5580000, 0x00000000d6300000, 0x0000000100000000)
  eden space 8192K, 7% used [0x00000000d5580000,0x00000000d561ab30,0x00000000d5d80000)
  from space 512K, 93% used [0x00000000d6200000,0x00000000d6278010,0x00000000d6280000)
  to   space 512K, 0% used [0x00000000d6280000,0x00000000d6280000,0x00000000d6300000)
 ParOldGen       total 369664K, used 369525K [0x0000000080000000, 0x0000000096900000, 0x00000000d5580000)
  object space 369664K, 99% used [0x0000000080000000,0x00000000968dd438,0x0000000096900000)
 Metaspace       used 71901K, committed 73344K, reserved 1114112K
  class space    used 7903K, committed 8512K, reserved 1048576K
GC Heap History (20 events):
Event: 244.722 GC heap before
{Heap before GC invocations=1723 (full 3):
 PSYoungGen      total 8704K, used 8512K [0x00000000d5580000, 0x00000000d6300000, 0x0000000100000000)
  eden space 8192K, 100% used [0x00000000d5580000,0x00000000d5d80000,0x00000000d5d80000)
  from space 512K, 62% used [0x00000000d6200000,0x00000000d6250020,0x00000000d6280000)
  to   space 512K, 0% used [0x00000000d6280000,0x00000000d6280000,0x00000000d6300000)
 ParOldGen       total 368640K, used 368365K [0x0000000080000000, 0x0000000096800000, 0x00000000d5580000)
  object space 368640K, 99% used [0x0000000080000000,0x00000000967bb418,0x0000000096800000)
 Metaspace       used 71476K, committed 72960K, reserved 1114112K
  class space    used 7874K, committed 8512K, reserved 1048576K
}
Event: 244.724 GC heap after
{Heap after GC invocations=1723 (full 3):
 PSYoungGen      total 8704K, used 288K [0x00000000d5580000, 0x00000000d6300000, 0x0000000100000000)
  eden space 8192K, 0% used [0x00000000d5580000,0x00000000d5580000,0x00000000d5d80000)
  from space 512K, 56% used [0x00000000d6280000,0x00000000d62c8000,0x00000000d6300000)
  to   space 512K, 0% used [0x00000000d6200000,0x00000000d6200000,0x00000000d6280000)
 ParOldGen       total 368640K, used 368509K [0x0000000080000000, 0x0000000096800000, 0x00000000d5580000)
  object space 368640K, 99% used [0x0000000080000000,0x00000000967df438,0x0000000096800000)
 Metaspace       used 71476K, committed 72960K, reserved 1114112K
  class space    used 7874K, committed 8512K, reserved 1048576K
}
Event: 253.391 GC heap before
{Heap before GC invocations=1724 (full 3):
 PSYoungGen      total 8704K, used 8480K [0x00000000d5580000, 0x00000000d6300000, 0x0000000100000000)
  eden space 8192K, 100% used [0x00000000d5580000,0x00000000d5d80000,0x00000000d5d80000)
  from space 512K, 56% used [0x00000000d6280000,0x00000000d62c8000,0x00000000d6300000)
  to   space 512K, 0% used [0x00000000d6200000,0x00000000d6200000,0x00000000d6280000)
 ParOldGen       total 368640K, used 368509K [0x0000000080000000, 0x0000000096800000, 0x00000000d5580000)
  object space 368640K, 99% used [0x0000000080000000,0x00000000967df438,0x0000000096800000)
 Metaspace       used 71493K, committed 72960K, reserved 1114112K
  class space    used 7874K, committed 8512K, reserved 1048576K
}
Event: 253.392 GC heap after
{Heap after GC invocations=1724 (full 3):
 PSYoungGen      total 8704K, used 256K [0x00000000d5580000, 0x00000000d6300000, 0x0000000100000000)
  eden space 8192K, 0% used [0x00000000d5580000,0x00000000d5580000,0x00000000d5d80000)
  from space 512K, 50% used [0x00000000d6200000,0x00000000d6240000,0x00000000d6280000)
  to   space 512K, 0% used [0x00000000d6280000,0x00000000d6280000,0x00000000d6300000)
 ParOldGen       total 368640K, used 368541K [0x0000000080000000, 0x0000000096800000, 0x00000000d5580000)
  object space 368640K, 99% used [0x0000000080000000,0x00000000967e7438,0x0000000096800000)
 Metaspace       used 71493K, committed 72960K, reserved 1114112K
  class space    used 7874K, committed 8512K, reserved 1048576K
}
Event: 266.532 GC heap before
{Heap before GC invocations=1725 (full 3):
 PSYoungGen      total 8704K, used 8448K [0x00000000d5580000, 0x00000000d6300000, 0x0000000100000000)
  eden space 8192K, 100% used [0x00000000d5580000,0x00000000d5d80000,0x00000000d5d80000)
  from space 512K, 50% used [0x00000000d6200000,0x00000000d6240000,0x00000000d6280000)
  to   space 512K, 0% used [0x00000000d6280000,0x00000000d6280000,0x00000000d6300000)
 ParOldGen       total 368640K, used 368541K [0x0000000080000000, 0x0000000096800000, 0x00000000d5580000)
  object space 368640K, 99% used [0x0000000080000000,0x00000000967e7438,0x0000000096800000)
 Metaspace       used 71520K, committed 73024K, reserved 1114112K
  class space    used 7874K, committed 8512K, reserved 1048576K
}
Event: 266.532 GC heap after
{Heap after GC invocations=1725 (full 3):
 PSYoungGen      total 8704K, used 320K [0x00000000d5580000, 0x00000000d6300000, 0x0000000100000000)
  eden space 8192K, 0% used [0x00000000d5580000,0x00000000d5580000,0x00000000d5d80000)
  from space 512K, 62% used [0x00000000d6280000,0x00000000d62d0000,0x00000000d6300000)
  to   space 512K, 0% used [0x00000000d6200000,0x00000000d6200000,0x00000000d6280000)
 ParOldGen       total 368640K, used 368597K [0x0000000080000000, 0x0000000096800000, 0x00000000d5580000)
  object space 368640K, 99% used [0x0000000080000000,0x00000000967f5438,0x0000000096800000)
 Metaspace       used 71520K, committed 73024K, reserved 1114112K
  class space    used 7874K, committed 8512K, reserved 1048576K
}
Event: 266.779 GC heap before
{Heap before GC invocations=1726 (full 3):
 PSYoungGen      total 8704K, used 8512K [0x00000000d5580000, 0x00000000d6300000, 0x0000000100000000)
  eden space 8192K, 100% used [0x00000000d5580000,0x00000000d5d80000,0x00000000d5d80000)
  from space 512K, 62% used [0x00000000d6280000,0x00000000d62d0000,0x00000000d6300000)
  to   space 512K, 0% used [0x00000000d6200000,0x00000000d6200000,0x00000000d6280000)
 ParOldGen       total 368640K, used 368597K [0x0000000080000000, 0x0000000096800000, 0x00000000d5580000)
  object space 368640K, 99% used [0x0000000080000000,0x00000000967f5438,0x0000000096800000)
 Metaspace       used 71536K, committed 73024K, reserved 1114112K
  class space    used 7874K, committed 8512K, reserved 1048576K
}
Event: 266.781 GC heap after
{Heap after GC invocations=1726 (full 3):
 PSYoungGen      total 8704K, used 256K [0x00000000d5580000, 0x00000000d6300000, 0x0000000100000000)
  eden space 8192K, 0% used [0x00000000d5580000,0x00000000d5580000,0x00000000d5d80000)
  from space 512K, 50% used [0x00000000d6200000,0x00000000d6240000,0x00000000d6280000)
  to   space 512K, 0% used [0x00000000d6280000,0x00000000d6280000,0x00000000d6300000)
 ParOldGen       total 369152K, used 368677K [0x0000000080000000, 0x0000000096880000, 0x00000000d5580000)
  object space 369152K, 99% used [0x0000000080000000,0x0000000096809438,0x0000000096880000)
 Metaspace       used 71536K, committed 73024K, reserved 1114112K
  class space    used 7874K, committed 8512K, reserved 1048576K
}
Event: 267.139 GC heap before
{Heap before GC invocations=1727 (full 3):
 PSYoungGen      total 8704K, used 8448K [0x00000000d5580000, 0x00000000d6300000, 0x0000000100000000)
  eden space 8192K, 100% used [0x00000000d5580000,0x00000000d5d80000,0x00000000d5d80000)
  from space 512K, 50% used [0x00000000d6200000,0x00000000d6240000,0x00000000d6280000)
  to   space 512K, 0% used [0x00000000d6280000,0x00000000d6280000,0x00000000d6300000)
 ParOldGen       total 369152K, used 368677K [0x0000000080000000, 0x0000000096880000, 0x00000000d5580000)
  object space 369152K, 99% used [0x0000000080000000,0x0000000096809438,0x0000000096880000)
 Metaspace       used 71557K, committed 73088K, reserved 1114112K
  class space    used 7874K, committed 8512K, reserved 1048576K
}
Event: 267.141 GC heap after
{Heap after GC invocations=1727 (full 3):
 PSYoungGen      total 8704K, used 480K [0x00000000d5580000, 0x00000000d6300000, 0x0000000100000000)
  eden space 8192K, 0% used [0x00000000d5580000,0x00000000d5580000,0x00000000d5d80000)
  from space 512K, 93% used [0x00000000d6280000,0x00000000d62f8000,0x00000000d6300000)
  to   space 1024K, 0% used [0x00000000d6100000,0x00000000d6100000,0x00000000d6200000)
 ParOldGen       total 369152K, used 368765K [0x0000000080000000, 0x0000000096880000, 0x00000000d5580000)
  object space 369152K, 99% used [0x0000000080000000,0x000000009681f438,0x0000000096880000)
 Metaspace       used 71557K, committed 73088K, reserved 1114112K
  class space    used 7874K, committed 8512K, reserved 1048576K
}
Event: 267.885 GC heap before
{Heap before GC invocations=1728 (full 3):
 PSYoungGen      total 8704K, used 8672K [0x00000000d5580000, 0x00000000d6300000, 0x0000000100000000)
  eden space 8192K, 100% used [0x00000000d5580000,0x00000000d5d80000,0x00000000d5d80000)
  from space 512K, 93% used [0x00000000d6280000,0x00000000d62f8000,0x00000000d6300000)
  to   space 1024K, 0% used [0x00000000d6100000,0x00000000d6100000,0x00000000d6200000)
 ParOldGen       total 369152K, used 368765K [0x0000000080000000, 0x0000000096880000, 0x00000000d5580000)
  object space 369152K, 99% used [0x0000000080000000,0x000000009681f438,0x0000000096880000)
 Metaspace       used 71571K, committed 73088K, reserved 1114112K
  class space    used 7874K, committed 8512K, reserved 1048576K
}
Event: 267.885 GC heap after
{Heap after GC invocations=1728 (full 3):
 PSYoungGen      total 9216K, used 320K [0x00000000d5580000, 0x00000000d6300000, 0x0000000100000000)
  eden space 8192K, 0% used [0x00000000d5580000,0x00000000d5580000,0x00000000d5d80000)
  from space 1024K, 31% used [0x00000000d6100000,0x00000000d6150000,0x00000000d6200000)
  to   space 512K, 0% used [0x00000000d6280000,0x00000000d6280000,0x00000000d6300000)
 ParOldGen       total 369152K, used 368965K [0x0000000080000000, 0x0000000096880000, 0x00000000d5580000)
  object space 369152K, 99% used [0x0000000080000000,0x0000000096851438,0x0000000096880000)
 Metaspace       used 71571K, committed 73088K, reserved 1114112K
  class space    used 7874K, committed 8512K, reserved 1048576K
}
Event: 464.472 GC heap before
{Heap before GC invocations=1729 (full 3):
 PSYoungGen      total 9216K, used 8480K [0x00000000d5580000, 0x00000000d6300000, 0x0000000100000000)
  eden space 8192K, 99% used [0x00000000d5580000,0x00000000d5d781c0,0x00000000d5d80000)
  from space 1024K, 31% used [0x00000000d6100000,0x00000000d6150000,0x00000000d6200000)
  to   space 512K, 0% used [0x00000000d6280000,0x00000000d6280000,0x00000000d6300000)
 ParOldGen       total 369152K, used 368965K [0x0000000080000000, 0x0000000096880000, 0x00000000d5580000)
  object space 369152K, 99% used [0x0000000080000000,0x0000000096851438,0x0000000096880000)
 Metaspace       used 71642K, committed 73088K, reserved 1114112K
  class space    used 7886K, committed 8512K, reserved 1048576K
}
Event: 464.477 GC heap after
{Heap after GC invocations=1729 (full 3):
 PSYoungGen      total 8704K, used 482K [0x00000000d5580000, 0x00000000d6300000, 0x0000000100000000)
  eden space 8192K, 0% used [0x00000000d5580000,0x00000000d5580000,0x00000000d5d80000)
  from space 512K, 94% used [0x00000000d6280000,0x00000000d62f8a80,0x00000000d6300000)
  to   space 1024K, 0% used [0x00000000d6100000,0x00000000d6100000,0x00000000d6200000)
 ParOldGen       total 369152K, used 369101K [0x0000000080000000, 0x0000000096880000, 0x00000000d5580000)
  object space 369152K, 99% used [0x0000000080000000,0x0000000096873438,0x0000000096880000)
 Metaspace       used 71642K, committed 73088K, reserved 1114112K
  class space    used 7886K, committed 8512K, reserved 1048576K
}
Event: 464.565 GC heap before
{Heap before GC invocations=1730 (full 3):
 PSYoungGen      total 8704K, used 8674K [0x00000000d5580000, 0x00000000d6300000, 0x0000000100000000)
  eden space 8192K, 100% used [0x00000000d5580000,0x00000000d5d80000,0x00000000d5d80000)
  from space 512K, 94% used [0x00000000d6280000,0x00000000d62f8a80,0x00000000d6300000)
  to   space 1024K, 0% used [0x00000000d6100000,0x00000000d6100000,0x00000000d6200000)
 ParOldGen       total 369152K, used 369101K [0x0000000080000000, 0x0000000096880000, 0x00000000d5580000)
  object space 369152K, 99% used [0x0000000080000000,0x0000000096873438,0x0000000096880000)
 Metaspace       used 71796K, committed 73280K, reserved 1114112K
  class space    used 7899K, committed 8512K, reserved 1048576K
}
Event: 464.567 GC heap after
{Heap after GC invocations=1730 (full 3):
 PSYoungGen      total 9216K, used 256K [0x00000000d5580000, 0x00000000d6300000, 0x0000000100000000)
  eden space 8192K, 0% used [0x00000000d5580000,0x00000000d5580000,0x00000000d5d80000)
  from space 1024K, 25% used [0x00000000d6100000,0x00000000d6140000,0x00000000d6200000)
  to   space 512K, 0% used [0x00000000d6280000,0x00000000d6280000,0x00000000d6300000)
 ParOldGen       total 369664K, used 369405K [0x0000000080000000, 0x0000000096900000, 0x00000000d5580000)
  object space 369664K, 99% used [0x0000000080000000,0x00000000968bf438,0x0000000096900000)
 Metaspace       used 71796K, committed 73280K, reserved 1114112K
  class space    used 7899K, committed 8512K, reserved 1048576K
}
Event: 464.785 GC heap before
{Heap before GC invocations=1731 (full 3):
 PSYoungGen      total 9216K, used 8448K [0x00000000d5580000, 0x00000000d6300000, 0x0000000100000000)
  eden space 8192K, 100% used [0x00000000d5580000,0x00000000d5d80000,0x00000000d5d80000)
  from space 1024K, 25% used [0x00000000d6100000,0x00000000d6140000,0x00000000d6200000)
  to   space 512K, 0% used [0x00000000d6280000,0x00000000d6280000,0x00000000d6300000)
 ParOldGen       total 369664K, used 369405K [0x0000000080000000, 0x0000000096900000, 0x00000000d5580000)
  object space 369664K, 99% used [0x0000000080000000,0x00000000968bf438,0x0000000096900000)
 Metaspace       used 71833K, committed 73344K, reserved 1114112K
  class space    used 7903K, committed 8512K, reserved 1048576K
}
Event: 464.786 GC heap after
{Heap after GC invocations=1731 (full 3):
 PSYoungGen      total 8704K, used 224K [0x00000000d5580000, 0x00000000d6300000, 0x0000000100000000)
  eden space 8192K, 0% used [0x00000000d5580000,0x00000000d5580000,0x00000000d5d80000)
  from space 512K, 43% used [0x00000000d6280000,0x00000000d62b8000,0x00000000d6300000)
  to   space 512K, 0% used [0x00000000d6200000,0x00000000d6200000,0x00000000d6280000)
 ParOldGen       total 369664K, used 369453K [0x0000000080000000, 0x0000000096900000, 0x00000000d5580000)
  object space 369664K, 99% used [0x0000000080000000,0x00000000968cb438,0x0000000096900000)
 Metaspace       used 71833K, committed 73344K, reserved 1114112K
  class space    used 7903K, committed 8512K, reserved 1048576K
}
Event: 12003.987 GC heap before
{Heap before GC invocations=1732 (full 3):
 PSYoungGen      total 8704K, used 8416K [0x00000000d5580000, 0x00000000d6300000, 0x0000000100000000)
  eden space 8192K, 100% used [0x00000000d5580000,0x00000000d5d80000,0x00000000d5d80000)
  from space 512K, 43% used [0x00000000d6280000,0x00000000d62b8000,0x00000000d6300000)
  to   space 512K, 0% used [0x00000000d6200000,0x00000000d6200000,0x00000000d6280000)
 ParOldGen       total 369664K, used 369453K [0x0000000080000000, 0x0000000096900000, 0x00000000d5580000)
  object space 369664K, 99% used [0x0000000080000000,0x00000000968cb438,0x0000000096900000)
 Metaspace       used 71901K, committed 73344K, reserved 1114112K
  class space    used 7903K, committed 8512K, reserved 1048576K
}
Event: 12004.265 GC heap after
{Heap after GC invocations=1732 (full 3):
 PSYoungGen      total 8704K, used 480K [0x00000000d5580000, 0x00000000d6300000, 0x0000000100000000)
  eden space 8192K, 0% used [0x00000000d5580000,0x00000000d5580000,0x00000000d5d80000)
  from space 512K, 93% used [0x00000000d6200000,0x00000000d6278010,0x00000000d6280000)
  to   space 512K, 0% used [0x00000000d6280000,0x00000000d6280000,0x00000000d6300000)
 ParOldGen       total 369664K, used 369525K [0x0000000080000000, 0x0000000096900000, 0x00000000d5580000)
  object space 369664K, 99% used [0x0000000080000000,0x00000000968dd438,0x0000000096900000)
 Metaspace       used 71901K, committed 73344K, reserved 1114112K
  class space    used 7903K, committed 8512K, reserved 1048576K
}

