{"C:\\tien\\New folder\\APP_DESIGN_BUILD05.12.2025\\services\\aiApi.ts": {"path":"C:\\tien\\New folder\\APP_DESIGN_BUILD05.12.2025\\services\\aiApi.ts","statementMap":{"0":{"start":{"line":100,"column":4},"end":{"line":119,"column":5}},"1":{"start":{"line":101,"column":23},"end":{"line":108,"column":8}},"2":{"start":{"line":110,"column":6},"end":{"line":116,"column":8}},"3":{"start":{"line":118,"column":6},"end":{"line":118,"column":54}},"4":{"start":{"line":126,"column":4},"end":{"line":135,"column":5}},"5":{"start":{"line":127,"column":23},"end":{"line":130,"column":8}},"6":{"start":{"line":132,"column":6},"end":{"line":132,"column":22}},"7":{"start":{"line":134,"column":6},"end":{"line":134,"column":73}},"8":{"start":{"line":142,"column":4},"end":{"line":147,"column":5}},"9":{"start":{"line":143,"column":23},"end":{"line":143,"column":58}},"10":{"start":{"line":144,"column":6},"end":{"line":144,"column":37}},"11":{"start":{"line":146,"column":6},"end":{"line":146,"column":72}},"12":{"start":{"line":154,"column":4},"end":{"line":159,"column":5}},"13":{"start":{"line":155,"column":23},"end":{"line":155,"column":71}},"14":{"start":{"line":156,"column":6},"end":{"line":156,"column":22}},"15":{"start":{"line":158,"column":6},"end":{"line":158,"column":71}},"16":{"start":{"line":166,"column":4},"end":{"line":172,"column":5}},"17":{"start":{"line":167,"column":6},"end":{"line":169,"column":9}},"18":{"start":{"line":171,"column":6},"end":{"line":171,"column":73}},"19":{"start":{"line":184,"column":4},"end":{"line":193,"column":5}},"20":{"start":{"line":185,"column":23},"end":{"line":188,"column":8}},"21":{"start":{"line":190,"column":6},"end":{"line":190,"column":22}},"22":{"start":{"line":192,"column":6},"end":{"line":192,"column":65}},"23":{"start":{"line":205,"column":4},"end":{"line":214,"column":5}},"24":{"start":{"line":206,"column":23},"end":{"line":209,"column":8}},"25":{"start":{"line":211,"column":6},"end":{"line":211,"column":40}},"26":{"start":{"line":213,"column":6},"end":{"line":213,"column":69}},"27":{"start":{"line":221,"column":4},"end":{"line":226,"column":5}},"28":{"start":{"line":222,"column":23},"end":{"line":222,"column":71}},"29":{"start":{"line":223,"column":6},"end":{"line":223,"column":22}},"30":{"start":{"line":225,"column":6},"end":{"line":225,"column":63}},"31":{"start":{"line":233,"column":4},"end":{"line":238,"column":5}},"32":{"start":{"line":234,"column":23},"end":{"line":234,"column":75}},"33":{"start":{"line":235,"column":6},"end":{"line":235,"column":22}},"34":{"start":{"line":237,"column":6},"end":{"line":237,"column":71}},"35":{"start":{"line":250,"column":4},"end":{"line":255,"column":5}},"36":{"start":{"line":251,"column":23},"end":{"line":251,"column":73}},"37":{"start":{"line":252,"column":6},"end":{"line":252,"column":22}},"38":{"start":{"line":254,"column":6},"end":{"line":254,"column":65}},"39":{"start":{"line":270,"column":4},"end":{"line":275,"column":5}},"40":{"start":{"line":271,"column":23},"end":{"line":271,"column":76}},"41":{"start":{"line":272,"column":6},"end":{"line":272,"column":22}},"42":{"start":{"line":274,"column":6},"end":{"line":274,"column":71}},"43":{"start":{"line":288,"column":4},"end":{"line":293,"column":5}},"44":{"start":{"line":289,"column":23},"end":{"line":289,"column":74}},"45":{"start":{"line":290,"column":6},"end":{"line":290,"column":38}},"46":{"start":{"line":292,"column":6},"end":{"line":292,"column":67}},"47":{"start":{"line":297,"column":25},"end":{"line":297,"column":40}}},"fnMap":{"0":{"name":"(anonymous_0)","decl":{"start":{"line":95,"column":2},"end":{"line":95,"column":3}},"loc":{"start":{"line":99,"column":26},"end":{"line":120,"column":3}},"line":99},"1":{"name":"(anonymous_1)","decl":{"start":{"line":125,"column":2},"end":{"line":125,"column":3}},"loc":{"start":{"line":125,"column":64},"end":{"line":136,"column":3}},"line":125},"2":{"name":"(anonymous_2)","decl":{"start":{"line":141,"column":2},"end":{"line":141,"column":3}},"loc":{"start":{"line":141,"column":50},"end":{"line":148,"column":3}},"line":141},"3":{"name":"(anonymous_3)","decl":{"start":{"line":153,"column":2},"end":{"line":153,"column":3}},"loc":{"start":{"line":153,"column":64},"end":{"line":160,"column":3}},"line":153},"4":{"name":"(anonymous_4)","decl":{"start":{"line":165,"column":2},"end":{"line":165,"column":3}},"loc":{"start":{"line":165,"column":60},"end":{"line":173,"column":3}},"line":165},"5":{"name":"(anonymous_5)","decl":{"start":{"line":178,"column":2},"end":{"line":178,"column":3}},"loc":{"start":{"line":183,"column":30},"end":{"line":194,"column":3}},"line":183},"6":{"name":"(anonymous_6)","decl":{"start":{"line":199,"column":2},"end":{"line":199,"column":3}},"loc":{"start":{"line":204,"column":36},"end":{"line":215,"column":3}},"line":204},"7":{"name":"(anonymous_7)","decl":{"start":{"line":220,"column":2},"end":{"line":220,"column":3}},"loc":{"start":{"line":220,"column":70},"end":{"line":227,"column":3}},"line":220},"8":{"name":"(anonymous_8)","decl":{"start":{"line":232,"column":2},"end":{"line":232,"column":3}},"loc":{"start":{"line":232,"column":75},"end":{"line":239,"column":3}},"line":232},"9":{"name":"(anonymous_9)","decl":{"start":{"line":244,"column":2},"end":{"line":244,"column":3}},"loc":{"start":{"line":249,"column":5},"end":{"line":256,"column":3}},"line":249},"10":{"name":"(anonymous_10)","decl":{"start":{"line":261,"column":2},"end":{"line":261,"column":3}},"loc":{"start":{"line":269,"column":5},"end":{"line":276,"column":3}},"line":269},"11":{"name":"(anonymous_11)","decl":{"start":{"line":281,"column":2},"end":{"line":281,"column":3}},"loc":{"start":{"line":287,"column":7},"end":{"line":294,"column":3}},"line":287}},"branchMap":{"0":{"loc":{"start":{"line":144,"column":13},"end":{"line":144,"column":36}},"type":"binary-expr","locations":[{"start":{"line":144,"column":13},"end":{"line":144,"column":30}},{"start":{"line":144,"column":34},"end":{"line":144,"column":36}}],"line":144},"1":{"loc":{"start":{"line":211,"column":13},"end":{"line":211,"column":39}},"type":"binary-expr","locations":[{"start":{"line":211,"column":13},"end":{"line":211,"column":33}},{"start":{"line":211,"column":37},"end":{"line":211,"column":39}}],"line":211},"2":{"loc":{"start":{"line":290,"column":13},"end":{"line":290,"column":37}},"type":"binary-expr","locations":[{"start":{"line":290,"column":13},"end":{"line":290,"column":31}},{"start":{"line":290,"column":35},"end":{"line":290,"column":37}}],"line":290}},"s":{"0":2,"1":2,"2":1,"3":1,"4":1,"5":1,"6":1,"7":0,"8":0,"9":0,"10":0,"11":0,"12":0,"13":0,"14":0,"15":0,"16":0,"17":0,"18":0,"19":2,"20":2,"21":1,"22":1,"23":1,"24":1,"25":1,"26":0,"27":1,"28":1,"29":1,"30":0,"31":0,"32":0,"33":0,"34":0,"35":0,"36":0,"37":0,"38":0,"39":0,"40":0,"41":0,"42":0,"43":0,"44":0,"45":0,"46":0,"47":1},"f":{"0":2,"1":1,"2":0,"3":0,"4":0,"5":2,"6":1,"7":1,"8":0,"9":0,"10":0,"11":0},"b":{"0":[0,0],"1":[1,1],"2":[0,0]},"_coverageSchema":"1a1c01bbd47fc00a2c39e90264f33305004495a9","hash":"a5c4184f58857c0ba14068cb97279f3dcb2c8437"}
,"C:\\tien\\New folder\\APP_DESIGN_BUILD05.12.2025\\services\\fleetApi.ts": {"path":"C:\\tien\\New folder\\APP_DESIGN_BUILD05.12.2025\\services\\fleetApi.ts","statementMap":{"0":{"start":{"line":96,"column":4},"end":{"line":102,"column":5}},"1":{"start":{"line":97,"column":21},"end":{"line":97,"column":56}},"2":{"start":{"line":98,"column":23},"end":{"line":98,"column":67}},"3":{"start":{"line":99,"column":6},"end":{"line":99,"column":22}},"4":{"start":{"line":101,"column":6},"end":{"line":101,"column":68}},"5":{"start":{"line":109,"column":4},"end":{"line":114,"column":5}},"6":{"start":{"line":110,"column":23},"end":{"line":110,"column":63}},"7":{"start":{"line":111,"column":6},"end":{"line":111,"column":22}},"8":{"start":{"line":113,"column":6},"end":{"line":113,"column":68}},"9":{"start":{"line":121,"column":4},"end":{"line":129,"column":5}},"10":{"start":{"line":122,"column":23},"end":{"line":125,"column":8}},"11":{"start":{"line":126,"column":6},"end":{"line":126,"column":22}},"12":{"start":{"line":128,"column":6},"end":{"line":128,"column":70}},"13":{"start":{"line":136,"column":4},"end":{"line":144,"column":5}},"14":{"start":{"line":137,"column":23},"end":{"line":140,"column":8}},"15":{"start":{"line":141,"column":6},"end":{"line":141,"column":22}},"16":{"start":{"line":143,"column":6},"end":{"line":143,"column":70}},"17":{"start":{"line":156,"column":4},"end":{"line":161,"column":5}},"18":{"start":{"line":157,"column":23},"end":{"line":157,"column":72}},"19":{"start":{"line":158,"column":6},"end":{"line":158,"column":22}},"20":{"start":{"line":160,"column":6},"end":{"line":160,"column":67}},"21":{"start":{"line":171,"column":4},"end":{"line":178,"column":5}},"22":{"start":{"line":172,"column":6},"end":{"line":175,"column":9}},"23":{"start":{"line":177,"column":6},"end":{"line":177,"column":69}},"24":{"start":{"line":191,"column":4},"end":{"line":197,"column":5}},"25":{"start":{"line":192,"column":21},"end":{"line":192,"column":56}},"26":{"start":{"line":193,"column":23},"end":{"line":193,"column":69}},"27":{"start":{"line":194,"column":6},"end":{"line":194,"column":22}},"28":{"start":{"line":196,"column":6},"end":{"line":196,"column":80}},"29":{"start":{"line":206,"column":4},"end":{"line":214,"column":5}},"30":{"start":{"line":207,"column":23},"end":{"line":210,"column":8}},"31":{"start":{"line":211,"column":6},"end":{"line":211,"column":22}},"32":{"start":{"line":213,"column":6},"end":{"line":213,"column":81}},"33":{"start":{"line":224,"column":4},"end":{"line":232,"column":5}},"34":{"start":{"line":225,"column":23},"end":{"line":228,"column":8}},"35":{"start":{"line":229,"column":6},"end":{"line":229,"column":22}},"36":{"start":{"line":231,"column":6},"end":{"line":231,"column":81}},"37":{"start":{"line":243,"column":4},"end":{"line":249,"column":5}},"38":{"start":{"line":244,"column":21},"end":{"line":244,"column":56}},"39":{"start":{"line":245,"column":23},"end":{"line":245,"column":67}},"40":{"start":{"line":246,"column":6},"end":{"line":246,"column":22}},"41":{"start":{"line":248,"column":6},"end":{"line":248,"column":68}},"42":{"start":{"line":256,"column":4},"end":{"line":264,"column":5}},"43":{"start":{"line":257,"column":23},"end":{"line":260,"column":8}},"44":{"start":{"line":261,"column":6},"end":{"line":261,"column":22}},"45":{"start":{"line":263,"column":6},"end":{"line":263,"column":69}},"46":{"start":{"line":277,"column":4},"end":{"line":283,"column":5}},"47":{"start":{"line":278,"column":21},"end":{"line":278,"column":56}},"48":{"start":{"line":279,"column":23},"end":{"line":279,"column":68}},"49":{"start":{"line":280,"column":6},"end":{"line":280,"column":22}},"50":{"start":{"line":282,"column":6},"end":{"line":282,"column":69}},"51":{"start":{"line":290,"column":4},"end":{"line":298,"column":5}},"52":{"start":{"line":291,"column":23},"end":{"line":294,"column":8}},"53":{"start":{"line":295,"column":6},"end":{"line":295,"column":22}},"54":{"start":{"line":297,"column":6},"end":{"line":297,"column":70}},"55":{"start":{"line":305,"column":4},"end":{"line":310,"column":5}},"56":{"start":{"line":306,"column":23},"end":{"line":306,"column":58}},"57":{"start":{"line":307,"column":6},"end":{"line":307,"column":22}},"58":{"start":{"line":309,"column":6},"end":{"line":309,"column":69}},"59":{"start":{"line":321,"column":4},"end":{"line":328,"column":5}},"60":{"start":{"line":322,"column":6},"end":{"line":325,"column":9}},"61":{"start":{"line":327,"column":6},"end":{"line":327,"column":70}},"62":{"start":{"line":335,"column":4},"end":{"line":341,"column":5}},"63":{"start":{"line":336,"column":6},"end":{"line":338,"column":9}},"64":{"start":{"line":340,"column":6},"end":{"line":340,"column":71}},"65":{"start":{"line":345,"column":28},"end":{"line":345,"column":46}}},"fnMap":{"0":{"name":"(anonymous_0)","decl":{"start":{"line":90,"column":2},"end":{"line":90,"column":3}},"loc":{"start":{"line":95,"column":57},"end":{"line":103,"column":3}},"line":95},"1":{"name":"(anonymous_1)","decl":{"start":{"line":108,"column":2},"end":{"line":108,"column":3}},"loc":{"start":{"line":108,"column":57},"end":{"line":115,"column":3}},"line":108},"2":{"name":"(anonymous_2)","decl":{"start":{"line":120,"column":2},"end":{"line":120,"column":3}},"loc":{"start":{"line":120,"column":70},"end":{"line":130,"column":3}},"line":120},"3":{"name":"(anonymous_3)","decl":{"start":{"line":135,"column":2},"end":{"line":135,"column":3}},"loc":{"start":{"line":135,"column":82},"end":{"line":145,"column":3}},"line":135},"4":{"name":"(anonymous_4)","decl":{"start":{"line":150,"column":2},"end":{"line":150,"column":3}},"loc":{"start":{"line":155,"column":5},"end":{"line":162,"column":3}},"line":155},"5":{"name":"(anonymous_5)","decl":{"start":{"line":167,"column":2},"end":{"line":167,"column":3}},"loc":{"start":{"line":170,"column":19},"end":{"line":179,"column":3}},"line":170},"6":{"name":"(anonymous_6)","decl":{"start":{"line":184,"column":2},"end":{"line":184,"column":3}},"loc":{"start":{"line":190,"column":67},"end":{"line":198,"column":3}},"line":190},"7":{"name":"(anonymous_7)","decl":{"start":{"line":203,"column":2},"end":{"line":203,"column":3}},"loc":{"start":{"line":205,"column":34},"end":{"line":215,"column":3}},"line":205},"8":{"name":"(anonymous_8)","decl":{"start":{"line":220,"column":2},"end":{"line":220,"column":3}},"loc":{"start":{"line":223,"column":34},"end":{"line":233,"column":3}},"line":223},"9":{"name":"(anonymous_9)","decl":{"start":{"line":238,"column":2},"end":{"line":238,"column":3}},"loc":{"start":{"line":242,"column":69},"end":{"line":250,"column":3}},"line":242},"10":{"name":"(anonymous_10)","decl":{"start":{"line":255,"column":2},"end":{"line":255,"column":3}},"loc":{"start":{"line":255,"column":64},"end":{"line":265,"column":3}},"line":255},"11":{"name":"(anonymous_11)","decl":{"start":{"line":270,"column":2},"end":{"line":270,"column":3}},"loc":{"start":{"line":276,"column":74},"end":{"line":284,"column":3}},"line":276},"12":{"name":"(anonymous_12)","decl":{"start":{"line":289,"column":2},"end":{"line":289,"column":3}},"loc":{"start":{"line":289,"column":67},"end":{"line":299,"column":3}},"line":289},"13":{"name":"(anonymous_13)","decl":{"start":{"line":304,"column":2},"end":{"line":304,"column":3}},"loc":{"start":{"line":304,"column":50},"end":{"line":311,"column":3}},"line":304},"14":{"name":"(anonymous_14)","decl":{"start":{"line":316,"column":2},"end":{"line":316,"column":3}},"loc":{"start":{"line":320,"column":19},"end":{"line":329,"column":3}},"line":320},"15":{"name":"(anonymous_15)","decl":{"start":{"line":334,"column":2},"end":{"line":334,"column":3}},"loc":{"start":{"line":334,"column":63},"end":{"line":342,"column":3}},"line":334}},"branchMap":{},"s":{"0":2,"1":2,"2":2,"3":2,"4":0,"5":0,"6":0,"7":0,"8":0,"9":0,"10":0,"11":0,"12":0,"13":0,"14":0,"15":0,"16":0,"17":0,"18":0,"19":0,"20":0,"21":0,"22":0,"23":0,"24":0,"25":0,"26":0,"27":0,"28":0,"29":1,"30":1,"31":1,"32":0,"33":0,"34":0,"35":0,"36":0,"37":0,"38":0,"39":0,"40":0,"41":0,"42":0,"43":0,"44":0,"45":0,"46":0,"47":0,"48":0,"49":0,"50":0,"51":0,"52":0,"53":0,"54":0,"55":1,"56":1,"57":1,"58":0,"59":1,"60":1,"61":0,"62":0,"63":0,"64":0,"65":1},"f":{"0":2,"1":0,"2":0,"3":0,"4":0,"5":0,"6":0,"7":1,"8":0,"9":0,"10":0,"11":0,"12":0,"13":1,"14":1,"15":0},"b":{},"_coverageSchema":"1a1c01bbd47fc00a2c39e90264f33305004495a9","hash":"6400c616f62d07f19f10952e4ada22dfbfc607ea"}
,"C:\\tien\\New folder\\APP_DESIGN_BUILD05.12.2025\\services\\offlineSyncManager.ts": {"path":"C:\\tien\\New folder\\APP_DESIGN_BUILD05.12.2025\\services\\offlineSyncManager.ts","statementMap":{"0":{"start":{"line":46,"column":21},"end":{"line":50,"column":1}},"1":{"start":{"line":57,"column":30},"end":{"line":57,"column":32}},"2":{"start":{"line":58,"column":30},"end":{"line":58,"column":34}},"3":{"start":{"line":59,"column":31},"end":{"line":59,"column":36}},"4":{"start":{"line":60,"column":40},"end":{"line":60,"column":44}},"5":{"start":{"line":61,"column":45},"end":{"line":61,"column":54}},"6":{"start":{"line":62,"column":51},"end":{"line":62,"column":60}},"7":{"start":{"line":63,"column":64},"end":{"line":63,"column":68}},"8":{"start":{"line":64,"column":38},"end":{"line":64,"column":42}},"9":{"start":{"line":65,"column":52},"end":{"line":65,"column":56}},"10":{"start":{"line":66,"column":33},"end":{"line":66,"column":38}},"11":{"start":{"line":73,"column":4},"end":{"line":73,"column":33}},"12":{"start":{"line":73,"column":26},"end":{"line":73,"column":33}},"13":{"start":{"line":75,"column":4},"end":{"line":75,"column":49}},"14":{"start":{"line":78,"column":4},"end":{"line":78,"column":27}},"15":{"start":{"line":79,"column":4},"end":{"line":79,"column":34}},"16":{"start":{"line":82,"column":4},"end":{"line":82,"column":34}},"17":{"start":{"line":85,"column":4},"end":{"line":85,"column":35}},"18":{"start":{"line":88,"column":4},"end":{"line":88,"column":31}},"19":{"start":{"line":90,"column":4},"end":{"line":90,"column":28}},"20":{"start":{"line":91,"column":4},"end":{"line":91,"column":58}},"21":{"start":{"line":96,"column":4},"end":{"line":101,"column":5}},"22":{"start":{"line":97,"column":6},"end":{"line":97,"column":47}},"23":{"start":{"line":98,"column":6},"end":{"line":98,"column":78}},"24":{"start":{"line":98,"column":46},"end":{"line":98,"column":76}},"25":{"start":{"line":99,"column":6},"end":{"line":99,"column":80}},"26":{"start":{"line":99,"column":47},"end":{"line":99,"column":78}},"27":{"start":{"line":100,"column":6},"end":{"line":100,"column":13}},"28":{"start":{"line":104,"column":4},"end":{"line":107,"column":7}},"29":{"start":{"line":105,"column":26},"end":{"line":105,"column":52}},"30":{"start":{"line":106,"column":6},"end":{"line":106,"column":44}},"31":{"start":{"line":110,"column":4},"end":{"line":112,"column":7}},"32":{"start":{"line":111,"column":6},"end":{"line":111,"column":49}},"33":{"start":{"line":116,"column":4},"end":{"line":116,"column":38}},"34":{"start":{"line":116,"column":31},"end":{"line":116,"column":38}},"35":{"start":{"line":118,"column":4},"end":{"line":126,"column":6}},"36":{"start":{"line":121,"column":8},"end":{"line":124,"column":9}},"37":{"start":{"line":122,"column":10},"end":{"line":122,"column":69}},"38":{"start":{"line":123,"column":10},"end":{"line":123,"column":22}},"39":{"start":{"line":131,"column":4},"end":{"line":135,"column":14}},"40":{"start":{"line":132,"column":6},"end":{"line":134,"column":7}},"41":{"start":{"line":133,"column":8},"end":{"line":133,"column":20}},"42":{"start":{"line":143,"column":23},"end":{"line":143,"column":37}},"43":{"start":{"line":144,"column":4},"end":{"line":144,"column":32}},"44":{"start":{"line":146,"column":4},"end":{"line":146,"column":88}},"45":{"start":{"line":149,"column":4},"end":{"line":149,"column":69}},"46":{"start":{"line":149,"column":46},"end":{"line":149,"column":67}},"47":{"start":{"line":152,"column":4},"end":{"line":155,"column":5}},"48":{"start":{"line":153,"column":6},"end":{"line":153,"column":73}},"49":{"start":{"line":154,"column":6},"end":{"line":154,"column":18}},"50":{"start":{"line":157,"column":4},"end":{"line":157,"column":31}},"51":{"start":{"line":165,"column":31},"end":{"line":171,"column":5}},"52":{"start":{"line":173,"column":4},"end":{"line":173,"column":30}},"53":{"start":{"line":174,"column":4},"end":{"line":174,"column":27}},"54":{"start":{"line":176,"column":4},"end":{"line":176,"column":90}},"55":{"start":{"line":179,"column":4},"end":{"line":181,"column":5}},"56":{"start":{"line":180,"column":6},"end":{"line":180,"column":18}},"57":{"start":{"line":183,"column":4},"end":{"line":183,"column":31}},"58":{"start":{"line":184,"column":4},"end":{"line":184,"column":23}},"59":{"start":{"line":188,"column":4},"end":{"line":188,"column":59}},"60":{"start":{"line":188,"column":43},"end":{"line":188,"column":57}},"61":{"start":{"line":189,"column":4},"end":{"line":189,"column":27}},"62":{"start":{"line":190,"column":4},"end":{"line":190,"column":31}},"63":{"start":{"line":194,"column":4},"end":{"line":194,"column":27}},"64":{"start":{"line":198,"column":4},"end":{"line":198,"column":71}},"65":{"start":{"line":198,"column":37},"end":{"line":198,"column":62}},"66":{"start":{"line":202,"column":4},"end":{"line":202,"column":70}},"67":{"start":{"line":202,"column":37},"end":{"line":202,"column":61}},"68":{"start":{"line":210,"column":4},"end":{"line":213,"column":5}},"69":{"start":{"line":211,"column":6},"end":{"line":211,"column":64}},"70":{"start":{"line":212,"column":6},"end":{"line":212,"column":13}},"71":{"start":{"line":215,"column":4},"end":{"line":218,"column":5}},"72":{"start":{"line":216,"column":6},"end":{"line":216,"column":58}},"73":{"start":{"line":217,"column":6},"end":{"line":217,"column":13}},"74":{"start":{"line":220,"column":25},"end":{"line":220,"column":105}},"75":{"start":{"line":220,"column":51},"end":{"line":220,"column":104}},"76":{"start":{"line":221,"column":4},"end":{"line":223,"column":5}},"77":{"start":{"line":222,"column":6},"end":{"line":222,"column":13}},"78":{"start":{"line":225,"column":4},"end":{"line":225,"column":82}},"79":{"start":{"line":226,"column":4},"end":{"line":226,"column":26}},"80":{"start":{"line":227,"column":4},"end":{"line":227,"column":31}},"81":{"start":{"line":229,"column":4},"end":{"line":241,"column":5}},"82":{"start":{"line":230,"column":6},"end":{"line":240,"column":7}},"83":{"start":{"line":231,"column":8},"end":{"line":231,"column":32}},"84":{"start":{"line":232,"column":8},"end":{"line":232,"column":34}},"85":{"start":{"line":233,"column":8},"end":{"line":233,"column":31}},"86":{"start":{"line":234,"column":8},"end":{"line":234,"column":73}},"87":{"start":{"line":236,"column":8},"end":{"line":236,"column":23}},"88":{"start":{"line":237,"column":8},"end":{"line":237,"column":63}},"89":{"start":{"line":238,"column":8},"end":{"line":238,"column":78}},"90":{"start":{"line":239,"column":8},"end":{"line":239,"column":77}},"91":{"start":{"line":244,"column":4},"end":{"line":244,"column":69}},"92":{"start":{"line":244,"column":43},"end":{"line":244,"column":67}},"93":{"start":{"line":245,"column":4},"end":{"line":245,"column":27}},"94":{"start":{"line":247,"column":4},"end":{"line":247,"column":35}},"95":{"start":{"line":248,"column":4},"end":{"line":248,"column":34}},"96":{"start":{"line":250,"column":4},"end":{"line":250,"column":27}},"97":{"start":{"line":251,"column":4},"end":{"line":251,"column":31}},"98":{"start":{"line":253,"column":4},"end":{"line":253,"column":48}},"99":{"start":{"line":258,"column":25},"end":{"line":258,"column":55}},"100":{"start":{"line":260,"column":46},"end":{"line":266,"column":5}},"101":{"start":{"line":268,"column":21},"end":{"line":268,"column":43}},"102":{"start":{"line":269,"column":4},"end":{"line":271,"column":5}},"103":{"start":{"line":270,"column":6},"end":{"line":270,"column":61}},"104":{"start":{"line":273,"column":4},"end":{"line":293,"column":5}},"105":{"start":{"line":275,"column":8},"end":{"line":278,"column":11}},"106":{"start":{"line":279,"column":8},"end":{"line":279,"column":14}},"107":{"start":{"line":282,"column":8},"end":{"line":285,"column":11}},"108":{"start":{"line":286,"column":8},"end":{"line":286,"column":14}},"109":{"start":{"line":289,"column":8},"end":{"line":291,"column":11}},"110":{"start":{"line":292,"column":8},"end":{"line":292,"column":14}},"111":{"start":{"line":301,"column":4},"end":{"line":309,"column":5}},"112":{"start":{"line":302,"column":23},"end":{"line":302,"column":60}},"113":{"start":{"line":303,"column":6},"end":{"line":306,"column":10}},"114":{"start":{"line":308,"column":6},"end":{"line":308,"column":66}},"115":{"start":{"line":313,"column":4},"end":{"line":331,"column":5}},"116":{"start":{"line":314,"column":23},"end":{"line":314,"column":60}},"117":{"start":{"line":315,"column":18},"end":{"line":315,"column":54}},"118":{"start":{"line":317,"column":6},"end":{"line":317,"column":28}},"119":{"start":{"line":317,"column":16},"end":{"line":317,"column":28}},"120":{"start":{"line":319,"column":21},"end":{"line":319,"column":36}},"121":{"start":{"line":320,"column":18},"end":{"line":320,"column":47}},"122":{"start":{"line":322,"column":6},"end":{"line":325,"column":7}},"123":{"start":{"line":323,"column":8},"end":{"line":323,"column":48}},"124":{"start":{"line":324,"column":8},"end":{"line":324,"column":20}},"125":{"start":{"line":327,"column":6},"end":{"line":327,"column":30}},"126":{"start":{"line":329,"column":6},"end":{"line":329,"column":71}},"127":{"start":{"line":330,"column":6},"end":{"line":330,"column":18}},"128":{"start":{"line":335,"column":4},"end":{"line":342,"column":5}},"129":{"start":{"line":336,"column":19},"end":{"line":336,"column":50}},"130":{"start":{"line":337,"column":24},"end":{"line":337,"column":85}},"131":{"start":{"line":337,"column":43},"end":{"line":337,"column":84}},"132":{"start":{"line":338,"column":6},"end":{"line":338,"column":48}},"133":{"start":{"line":339,"column":6},"end":{"line":339,"column":49}},"134":{"start":{"line":341,"column":6},"end":{"line":341,"column":67}},"135":{"start":{"line":350,"column":4},"end":{"line":359,"column":5}},"136":{"start":{"line":351,"column":18},"end":{"line":351,"column":69}},"137":{"start":{"line":352,"column":6},"end":{"line":355,"column":7}},"138":{"start":{"line":353,"column":8},"end":{"line":353,"column":37}},"139":{"start":{"line":354,"column":8},"end":{"line":354,"column":82}},"140":{"start":{"line":357,"column":6},"end":{"line":357,"column":66}},"141":{"start":{"line":358,"column":6},"end":{"line":358,"column":22}},"142":{"start":{"line":363,"column":4},"end":{"line":367,"column":5}},"143":{"start":{"line":364,"column":6},"end":{"line":364,"column":86}},"144":{"start":{"line":366,"column":6},"end":{"line":366,"column":66}},"145":{"start":{"line":371,"column":4},"end":{"line":378,"column":5}},"146":{"start":{"line":372,"column":18},"end":{"line":372,"column":68}},"147":{"start":{"line":373,"column":6},"end":{"line":375,"column":7}},"148":{"start":{"line":374,"column":8},"end":{"line":374,"column":46}},"149":{"start":{"line":377,"column":6},"end":{"line":377,"column":75}},"150":{"start":{"line":382,"column":4},"end":{"line":388,"column":5}},"151":{"start":{"line":383,"column":6},"end":{"line":385,"column":7}},"152":{"start":{"line":384,"column":8},"end":{"line":384,"column":89}},"153":{"start":{"line":387,"column":6},"end":{"line":387,"column":75}},"154":{"start":{"line":396,"column":4},"end":{"line":396,"column":37}},"155":{"start":{"line":398,"column":4},"end":{"line":398,"column":30}},"156":{"start":{"line":399,"column":4},"end":{"line":399,"column":53}},"157":{"start":{"line":399,"column":17},"end":{"line":399,"column":52}},"158":{"start":{"line":403,"column":4},"end":{"line":403,"column":40}},"159":{"start":{"line":405,"column":4},"end":{"line":405,"column":28}},"160":{"start":{"line":406,"column":4},"end":{"line":406,"column":56}},"161":{"start":{"line":406,"column":17},"end":{"line":406,"column":55}},"162":{"start":{"line":410,"column":18},"end":{"line":410,"column":33}},"163":{"start":{"line":411,"column":4},"end":{"line":411,"column":60}},"164":{"start":{"line":411,"column":43},"end":{"line":411,"column":58}},"165":{"start":{"line":419,"column":4},"end":{"line":425,"column":6}},"166":{"start":{"line":429,"column":4},"end":{"line":429,"column":25}},"167":{"start":{"line":433,"column":4},"end":{"line":433,"column":75}},"168":{"start":{"line":441,"column":4},"end":{"line":444,"column":5}},"169":{"start":{"line":442,"column":6},"end":{"line":442,"column":39}},"170":{"start":{"line":443,"column":6},"end":{"line":443,"column":31}},"171":{"start":{"line":446,"column":4},"end":{"line":449,"column":5}},"172":{"start":{"line":447,"column":6},"end":{"line":447,"column":41}},"173":{"start":{"line":448,"column":6},"end":{"line":448,"column":39}},"174":{"start":{"line":451,"column":4},"end":{"line":454,"column":5}},"175":{"start":{"line":452,"column":6},"end":{"line":452,"column":32}},"176":{"start":{"line":453,"column":6},"end":{"line":453,"column":37}},"177":{"start":{"line":456,"column":4},"end":{"line":456,"column":31}},"178":{"start":{"line":457,"column":4},"end":{"line":457,"column":34}},"179":{"start":{"line":458,"column":4},"end":{"line":458,"column":29}},"180":{"start":{"line":460,"column":4},"end":{"line":460,"column":43}},"181":{"start":{"line":468,"column":34},"end":{"line":468,"column":58}}},"fnMap":{"0":{"name":"(anonymous_0)","decl":{"start":{"line":72,"column":2},"end":{"line":72,"column":3}},"loc":{"start":{"line":72,"column":36},"end":{"line":92,"column":3}},"line":72},"1":{"name":"(anonymous_1)","decl":{"start":{"line":94,"column":2},"end":{"line":94,"column":3}},"loc":{"start":{"line":94,"column":41},"end":{"line":113,"column":3}},"line":94},"2":{"name":"(anonymous_2)","decl":{"start":{"line":98,"column":40},"end":{"line":98,"column":41}},"loc":{"start":{"line":98,"column":46},"end":{"line":98,"column":76}},"line":98},"3":{"name":"(anonymous_3)","decl":{"start":{"line":99,"column":41},"end":{"line":99,"column":42}},"loc":{"start":{"line":99,"column":47},"end":{"line":99,"column":78}},"line":99},"4":{"name":"(anonymous_4)","decl":{"start":{"line":104,"column":55},"end":{"line":104,"column":56}},"loc":{"start":{"line":104,"column":80},"end":{"line":107,"column":5}},"line":104},"5":{"name":"(anonymous_5)","decl":{"start":{"line":110,"column":25},"end":{"line":110,"column":26}},"loc":{"start":{"line":110,"column":50},"end":{"line":112,"column":5}},"line":110},"6":{"name":"(anonymous_6)","decl":{"start":{"line":115,"column":2},"end":{"line":115,"column":3}},"loc":{"start":{"line":115,"column":42},"end":{"line":127,"column":3}},"line":115},"7":{"name":"(anonymous_7)","decl":{"start":{"line":120,"column":6},"end":{"line":120,"column":7}},"loc":{"start":{"line":120,"column":40},"end":{"line":125,"column":7}},"line":120},"8":{"name":"(anonymous_8)","decl":{"start":{"line":129,"column":2},"end":{"line":129,"column":3}},"loc":{"start":{"line":129,"column":38},"end":{"line":136,"column":3}},"line":129},"9":{"name":"(anonymous_9)","decl":{"start":{"line":131,"column":36},"end":{"line":131,"column":37}},"loc":{"start":{"line":131,"column":42},"end":{"line":135,"column":5}},"line":131},"10":{"name":"(anonymous_10)","decl":{"start":{"line":142,"column":2},"end":{"line":142,"column":3}},"loc":{"start":{"line":142,"column":58},"end":{"line":158,"column":3}},"line":142},"11":{"name":"(anonymous_11)","decl":{"start":{"line":149,"column":34},"end":{"line":149,"column":35}},"loc":{"start":{"line":149,"column":46},"end":{"line":149,"column":67}},"line":149},"12":{"name":"(anonymous_12)","decl":{"start":{"line":164,"column":2},"end":{"line":164,"column":3}},"loc":{"start":{"line":164,"column":101},"end":{"line":185,"column":3}},"line":164},"13":{"name":"(anonymous_13)","decl":{"start":{"line":187,"column":2},"end":{"line":187,"column":3}},"loc":{"start":{"line":187,"column":51},"end":{"line":191,"column":3}},"line":187},"14":{"name":"(anonymous_14)","decl":{"start":{"line":188,"column":35},"end":{"line":188,"column":36}},"loc":{"start":{"line":188,"column":43},"end":{"line":188,"column":57}},"line":188},"15":{"name":"(anonymous_15)","decl":{"start":{"line":193,"column":2},"end":{"line":193,"column":3}},"loc":{"start":{"line":193,"column":25},"end":{"line":195,"column":3}},"line":193},"16":{"name":"(anonymous_16)","decl":{"start":{"line":197,"column":2},"end":{"line":197,"column":3}},"loc":{"start":{"line":197,"column":28},"end":{"line":199,"column":3}},"line":197},"17":{"name":"(anonymous_17)","decl":{"start":{"line":198,"column":29},"end":{"line":198,"column":30}},"loc":{"start":{"line":198,"column":37},"end":{"line":198,"column":62}},"line":198},"18":{"name":"(anonymous_18)","decl":{"start":{"line":201,"column":2},"end":{"line":201,"column":3}},"loc":{"start":{"line":201,"column":27},"end":{"line":203,"column":3}},"line":201},"19":{"name":"(anonymous_19)","decl":{"start":{"line":202,"column":29},"end":{"line":202,"column":30}},"loc":{"start":{"line":202,"column":37},"end":{"line":202,"column":61}},"line":202},"20":{"name":"(anonymous_20)","decl":{"start":{"line":209,"column":2},"end":{"line":209,"column":3}},"loc":{"start":{"line":209,"column":30},"end":{"line":254,"column":3}},"line":209},"21":{"name":"(anonymous_21)","decl":{"start":{"line":220,"column":43},"end":{"line":220,"column":44}},"loc":{"start":{"line":220,"column":51},"end":{"line":220,"column":104}},"line":220},"22":{"name":"(anonymous_22)","decl":{"start":{"line":244,"column":35},"end":{"line":244,"column":36}},"loc":{"start":{"line":244,"column":43},"end":{"line":244,"column":67}},"line":244},"23":{"name":"(anonymous_23)","decl":{"start":{"line":256,"column":2},"end":{"line":256,"column":3}},"loc":{"start":{"line":256,"column":56},"end":{"line":294,"column":3}},"line":256},"24":{"name":"(anonymous_24)","decl":{"start":{"line":300,"column":2},"end":{"line":300,"column":3}},"loc":{"start":{"line":300,"column":57},"end":{"line":310,"column":3}},"line":300},"25":{"name":"(anonymous_25)","decl":{"start":{"line":312,"column":2},"end":{"line":312,"column":3}},"loc":{"start":{"line":312,"column":83},"end":{"line":332,"column":3}},"line":312},"26":{"name":"(anonymous_26)","decl":{"start":{"line":334,"column":2},"end":{"line":334,"column":3}},"loc":{"start":{"line":334,"column":36},"end":{"line":343,"column":3}},"line":334},"27":{"name":"(anonymous_27)","decl":{"start":{"line":337,"column":36},"end":{"line":337,"column":37}},"loc":{"start":{"line":337,"column":43},"end":{"line":337,"column":84}},"line":337},"28":{"name":"(anonymous_28)","decl":{"start":{"line":349,"column":2},"end":{"line":349,"column":3}},"loc":{"start":{"line":349,"column":43},"end":{"line":360,"column":3}},"line":349},"29":{"name":"(anonymous_29)","decl":{"start":{"line":362,"column":2},"end":{"line":362,"column":3}},"loc":{"start":{"line":362,"column":43},"end":{"line":368,"column":3}},"line":362},"30":{"name":"(anonymous_30)","decl":{"start":{"line":370,"column":2},"end":{"line":370,"column":3}},"loc":{"start":{"line":370,"column":50},"end":{"line":379,"column":3}},"line":370},"31":{"name":"(anonymous_31)","decl":{"start":{"line":381,"column":2},"end":{"line":381,"column":3}},"loc":{"start":{"line":381,"column":50},"end":{"line":389,"column":3}},"line":381},"32":{"name":"(anonymous_32)","decl":{"start":{"line":395,"column":2},"end":{"line":395,"column":3}},"loc":{"start":{"line":395,"column":51},"end":{"line":400,"column":3}},"line":395},"33":{"name":"(anonymous_33)","decl":{"start":{"line":399,"column":11},"end":{"line":399,"column":12}},"loc":{"start":{"line":399,"column":17},"end":{"line":399,"column":52}},"line":399},"34":{"name":"(anonymous_34)","decl":{"start":{"line":402,"column":2},"end":{"line":402,"column":3}},"loc":{"start":{"line":402,"column":57},"end":{"line":407,"column":3}},"line":402},"35":{"name":"(anonymous_35)","decl":{"start":{"line":406,"column":11},"end":{"line":406,"column":12}},"loc":{"start":{"line":406,"column":17},"end":{"line":406,"column":55}},"line":406},"36":{"name":"(anonymous_36)","decl":{"start":{"line":409,"column":2},"end":{"line":409,"column":3}},"loc":{"start":{"line":409,"column":38},"end":{"line":412,"column":3}},"line":409},"37":{"name":"(anonymous_37)","decl":{"start":{"line":411,"column":31},"end":{"line":411,"column":32}},"loc":{"start":{"line":411,"column":43},"end":{"line":411,"column":58}},"line":411},"38":{"name":"(anonymous_38)","decl":{"start":{"line":418,"column":2},"end":{"line":418,"column":3}},"loc":{"start":{"line":418,"column":24},"end":{"line":426,"column":3}},"line":418},"39":{"name":"(anonymous_39)","decl":{"start":{"line":428,"column":2},"end":{"line":428,"column":3}},"loc":{"start":{"line":428,"column":29},"end":{"line":430,"column":3}},"line":428},"40":{"name":"(anonymous_40)","decl":{"start":{"line":432,"column":2},"end":{"line":432,"column":3}},"loc":{"start":{"line":432,"column":31},"end":{"line":434,"column":3}},"line":432},"41":{"name":"(anonymous_41)","decl":{"start":{"line":440,"column":2},"end":{"line":440,"column":3}},"loc":{"start":{"line":440,"column":18},"end":{"line":461,"column":3}},"line":440}},"branchMap":{"0":{"loc":{"start":{"line":73,"column":4},"end":{"line":73,"column":33}},"type":"if","locations":[{"start":{"line":73,"column":4},"end":{"line":73,"column":33}},{"start":{},"end":{}}],"line":73},"1":{"loc":{"start":{"line":96,"column":4},"end":{"line":101,"column":5}},"type":"if","locations":[{"start":{"line":96,"column":4},"end":{"line":101,"column":5}},{"start":{},"end":{}}],"line":96},"2":{"loc":{"start":{"line":97,"column":22},"end":{"line":97,"column":46}},"type":"binary-expr","locations":[{"start":{"line":97,"column":22},"end":{"line":97,"column":38}},{"start":{"line":97,"column":42},"end":{"line":97,"column":46}}],"line":97},"3":{"loc":{"start":{"line":105,"column":26},"end":{"line":105,"column":52}},"type":"binary-expr","locations":[{"start":{"line":105,"column":26},"end":{"line":105,"column":43}},{"start":{"line":105,"column":47},"end":{"line":105,"column":52}}],"line":105},"4":{"loc":{"start":{"line":111,"column":22},"end":{"line":111,"column":48}},"type":"binary-expr","locations":[{"start":{"line":111,"column":22},"end":{"line":111,"column":39}},{"start":{"line":111,"column":43},"end":{"line":111,"column":48}}],"line":111},"5":{"loc":{"start":{"line":116,"column":4},"end":{"line":116,"column":38}},"type":"if","locations":[{"start":{"line":116,"column":4},"end":{"line":116,"column":38}},{"start":{},"end":{}}],"line":116},"6":{"loc":{"start":{"line":121,"column":8},"end":{"line":124,"column":9}},"type":"if","locations":[{"start":{"line":121,"column":8},"end":{"line":124,"column":9}},{"start":{},"end":{}}],"line":121},"7":{"loc":{"start":{"line":132,"column":6},"end":{"line":134,"column":7}},"type":"if","locations":[{"start":{"line":132,"column":6},"end":{"line":134,"column":7}},{"start":{},"end":{}}],"line":132},"8":{"loc":{"start":{"line":132,"column":10},"end":{"line":132,"column":48}},"type":"binary-expr","locations":[{"start":{"line":132,"column":10},"end":{"line":132,"column":23}},{"start":{"line":132,"column":27},"end":{"line":132,"column":48}}],"line":132},"9":{"loc":{"start":{"line":146,"column":50},"end":{"line":146,"column":84}},"type":"cond-expr","locations":[{"start":{"line":146,"column":64},"end":{"line":146,"column":72}},{"start":{"line":146,"column":75},"end":{"line":146,"column":84}}],"line":146},"10":{"loc":{"start":{"line":152,"column":4},"end":{"line":155,"column":5}},"type":"if","locations":[{"start":{"line":152,"column":4},"end":{"line":155,"column":5}},{"start":{},"end":{}}],"line":152},"11":{"loc":{"start":{"line":152,"column":8},"end":{"line":152,"column":33}},"type":"binary-expr","locations":[{"start":{"line":152,"column":8},"end":{"line":152,"column":18}},{"start":{"line":152,"column":22},"end":{"line":152,"column":33}}],"line":152},"12":{"loc":{"start":{"line":179,"column":4},"end":{"line":181,"column":5}},"type":"if","locations":[{"start":{"line":179,"column":4},"end":{"line":181,"column":5}},{"start":{},"end":{}}],"line":179},"13":{"loc":{"start":{"line":210,"column":4},"end":{"line":213,"column":5}},"type":"if","locations":[{"start":{"line":210,"column":4},"end":{"line":213,"column":5}},{"start":{},"end":{}}],"line":210},"14":{"loc":{"start":{"line":215,"column":4},"end":{"line":218,"column":5}},"type":"if","locations":[{"start":{"line":215,"column":4},"end":{"line":218,"column":5}},{"start":{},"end":{}}],"line":215},"15":{"loc":{"start":{"line":220,"column":51},"end":{"line":220,"column":104}},"type":"binary-expr","locations":[{"start":{"line":220,"column":51},"end":{"line":220,"column":76}},{"start":{"line":220,"column":80},"end":{"line":220,"column":104}}],"line":220},"16":{"loc":{"start":{"line":221,"column":4},"end":{"line":223,"column":5}},"type":"if","locations":[{"start":{"line":221,"column":4},"end":{"line":223,"column":5}},{"start":{},"end":{}}],"line":221},"17":{"loc":{"start":{"line":237,"column":22},"end":{"line":237,"column":62}},"type":"cond-expr","locations":[{"start":{"line":237,"column":42},"end":{"line":237,"column":50}},{"start":{"line":237,"column":53},"end":{"line":237,"column":62}}],"line":237},"18":{"loc":{"start":{"line":238,"column":21},"end":{"line":238,"column":77}},"type":"cond-expr","locations":[{"start":{"line":238,"column":46},"end":{"line":238,"column":59}},{"start":{"line":238,"column":62},"end":{"line":238,"column":77}}],"line":238},"19":{"loc":{"start":{"line":269,"column":4},"end":{"line":271,"column":5}},"type":"if","locations":[{"start":{"line":269,"column":4},"end":{"line":271,"column":5}},{"start":{},"end":{}}],"line":269},"20":{"loc":{"start":{"line":273,"column":4},"end":{"line":293,"column":5}},"type":"switch","locations":[{"start":{"line":274,"column":6},"end":{"line":279,"column":14}},{"start":{"line":281,"column":6},"end":{"line":286,"column":14}},{"start":{"line":288,"column":6},"end":{"line":292,"column":14}}],"line":273},"21":{"loc":{"start":{"line":312,"column":38},"end":{"line":312,"column":62}},"type":"default-arg","locations":[{"start":{"line":312,"column":55},"end":{"line":312,"column":62}}],"line":312},"22":{"loc":{"start":{"line":317,"column":6},"end":{"line":317,"column":28}},"type":"if","locations":[{"start":{"line":317,"column":6},"end":{"line":317,"column":28}},{"start":{},"end":{}}],"line":317},"23":{"loc":{"start":{"line":322,"column":6},"end":{"line":325,"column":7}},"type":"if","locations":[{"start":{"line":322,"column":6},"end":{"line":325,"column":7}},{"start":{},"end":{}}],"line":322},"24":{"loc":{"start":{"line":352,"column":6},"end":{"line":355,"column":7}},"type":"if","locations":[{"start":{"line":352,"column":6},"end":{"line":355,"column":7}},{"start":{},"end":{}}],"line":352},"25":{"loc":{"start":{"line":373,"column":6},"end":{"line":375,"column":7}},"type":"if","locations":[{"start":{"line":373,"column":6},"end":{"line":375,"column":7}},{"start":{},"end":{}}],"line":373},"26":{"loc":{"start":{"line":383,"column":6},"end":{"line":385,"column":7}},"type":"if","locations":[{"start":{"line":383,"column":6},"end":{"line":385,"column":7}},{"start":{},"end":{}}],"line":383},"27":{"loc":{"start":{"line":441,"column":4},"end":{"line":444,"column":5}},"type":"if","locations":[{"start":{"line":441,"column":4},"end":{"line":444,"column":5}},{"start":{},"end":{}}],"line":441},"28":{"loc":{"start":{"line":446,"column":4},"end":{"line":449,"column":5}},"type":"if","locations":[{"start":{"line":446,"column":4},"end":{"line":449,"column":5}},{"start":{},"end":{}}],"line":446},"29":{"loc":{"start":{"line":451,"column":4},"end":{"line":454,"column":5}},"type":"if","locations":[{"start":{"line":451,"column":4},"end":{"line":454,"column":5}},{"start":{},"end":{}}],"line":451}},"s":{"0":1,"1":1,"2":1,"3":1,"4":1,"5":1,"6":1,"7":1,"8":1,"9":1,"10":1,"11":12,"12":11,"13":1,"14":1,"15":1,"16":1,"17":1,"18":1,"19":1,"20":1,"21":1,"22":0,"23":0,"24":0,"25":0,"26":0,"27":0,"28":1,"29":0,"30":0,"31":1,"32":1,"33":1,"34":0,"35":1,"36":0,"37":0,"38":0,"39":1,"40":0,"41":0,"42":0,"43":0,"44":0,"45":0,"46":0,"47":0,"48":0,"49":0,"50":0,"51":4,"52":4,"53":4,"54":4,"55":4,"56":4,"57":4,"58":4,"59":1,"60":4,"61":1,"62":1,"63":1,"64":15,"65":39,"66":14,"67":36,"68":4,"69":1,"70":1,"71":3,"72":0,"73":0,"74":3,"75":7,"76":3,"77":0,"78":3,"79":3,"80":3,"81":3,"82":7,"83":7,"84":7,"85":0,"86":0,"87":7,"88":7,"89":7,"90":7,"91":3,"92":7,"93":3,"94":3,"95":3,"96":3,"97":3,"98":3,"99":7,"100":0,"101":0,"102":0,"103":0,"104":0,"105":0,"106":0,"107":0,"108":0,"109":0,"110":0,"111":1,"112":1,"113":1,"114":0,"115":2,"116":2,"117":2,"118":2,"119":0,"120":2,"121":2,"122":2,"123":0,"124":0,"125":2,"126":0,"127":0,"128":0,"129":0,"130":0,"131":0,"132":0,"133":0,"134":0,"135":1,"136":1,"137":1,"138":0,"139":0,"140":0,"141":0,"142":8,"143":8,"144":0,"145":1,"146":1,"147":1,"148":0,"149":0,"150":3,"151":3,"152":3,"153":0,"154":2,"155":2,"156":2,"157":1,"158":0,"159":0,"160":0,"161":0,"162":11,"163":11,"164":0,"165":14,"166":1,"167":4,"168":0,"169":0,"170":0,"171":0,"172":0,"173":0,"174":0,"175":0,"176":0,"177":0,"178":0,"179":0,"180":0,"181":1},"f":{"0":12,"1":1,"2":0,"3":0,"4":0,"5":1,"6":1,"7":0,"8":1,"9":0,"10":0,"11":0,"12":4,"13":1,"14":4,"15":1,"16":15,"17":39,"18":14,"19":36,"20":4,"21":7,"22":7,"23":7,"24":1,"25":2,"26":0,"27":0,"28":1,"29":8,"30":1,"31":3,"32":2,"33":1,"34":0,"35":0,"36":11,"37":0,"38":14,"39":1,"40":4,"41":0},"b":{"0":[11,1],"1":[0,1],"2":[0,0],"3":[0,0],"4":[1,0],"5":[0,1],"6":[0,0],"7":[0,0],"8":[0,0],"9":[0,0],"10":[0,0],"11":[0,0],"12":[4,0],"13":[1,3],"14":[0,3],"15":[7,0],"16":[0,3],"17":[1,6],"18":[0,7],"19":[0,0],"20":[0,0,0],"21":[1],"22":[0,2],"23":[0,2],"24":[0,1],"25":[0,1],"26":[3,0],"27":[0,0],"28":[0,0],"29":[0,0]},"_coverageSchema":"1a1c01bbd47fc00a2c39e90264f33305004495a9","hash":"6cb1a8af7b7d296e219705e1a2276c80a5cd36a2"}
,"C:\\tien\\New folder\\APP_DESIGN_BUILD05.12.2025\\utils\\formatters.ts": {"path":"C:\\tien\\New folder\\APP_DESIGN_BUILD05.12.2025\\utils\\formatters.ts","statementMap":{"0":{"start":{"line":9,"column":30},"end":{"line":11,"column":1}},"1":{"start":{"line":10,"column":2},"end":{"line":10,"column":47}},"2":{"start":{"line":16,"column":35},"end":{"line":24,"column":1}},"3":{"start":{"line":17,"column":2},"end":{"line":19,"column":3}},"4":{"start":{"line":18,"column":4},"end":{"line":18,"column":55}},"5":{"start":{"line":20,"column":2},"end":{"line":22,"column":3}},"6":{"start":{"line":21,"column":4},"end":{"line":21,"column":51}},"7":{"start":{"line":23,"column":2},"end":{"line":23,"column":32}},"8":{"start":{"line":29,"column":26},"end":{"line":31,"column":1}},"9":{"start":{"line":30,"column":2},"end":{"line":30,"column":51}},"10":{"start":{"line":36,"column":32},"end":{"line":38,"column":1}},"11":{"start":{"line":37,"column":2},"end":{"line":37,"column":39}},"12":{"start":{"line":43,"column":26},"end":{"line":49,"column":1}},"13":{"start":{"line":44,"column":12},"end":{"line":44,"column":60}},"14":{"start":{"line":45,"column":14},"end":{"line":45,"column":50}},"15":{"start":{"line":46,"column":16},"end":{"line":46,"column":57}},"16":{"start":{"line":47,"column":15},"end":{"line":47,"column":30}},"17":{"start":{"line":48,"column":2},"end":{"line":48,"column":35}},"18":{"start":{"line":54,"column":26},"end":{"line":59,"column":1}},"19":{"start":{"line":55,"column":12},"end":{"line":55,"column":60}},"20":{"start":{"line":56,"column":16},"end":{"line":56,"column":53}},"21":{"start":{"line":57,"column":18},"end":{"line":57,"column":57}},"22":{"start":{"line":58,"column":2},"end":{"line":58,"column":31}},"23":{"start":{"line":64,"column":30},"end":{"line":66,"column":1}},"24":{"start":{"line":65,"column":2},"end":{"line":65,"column":51}},"25":{"start":{"line":71,"column":34},"end":{"line":86,"column":1}},"26":{"start":{"line":72,"column":12},"end":{"line":72,"column":60}},"27":{"start":{"line":73,"column":14},"end":{"line":73,"column":24}},"28":{"start":{"line":74,"column":17},"end":{"line":74,"column":44}},"29":{"start":{"line":75,"column":19},"end":{"line":75,"column":45}},"30":{"start":{"line":76,"column":20},"end":{"line":76,"column":48}},"31":{"start":{"line":77,"column":19},"end":{"line":77,"column":48}},"32":{"start":{"line":79,"column":2},"end":{"line":79,"column":38}},"33":{"start":{"line":79,"column":20},"end":{"line":79,"column":38}},"34":{"start":{"line":80,"column":2},"end":{"line":80,"column":53}},"35":{"start":{"line":80,"column":21},"end":{"line":80,"column":53}},"36":{"start":{"line":81,"column":2},"end":{"line":81,"column":54}},"37":{"start":{"line":81,"column":22},"end":{"line":81,"column":54}},"38":{"start":{"line":82,"column":2},"end":{"line":82,"column":52}},"39":{"start":{"line":82,"column":20},"end":{"line":82,"column":52}},"40":{"start":{"line":83,"column":2},"end":{"line":83,"column":69}},"41":{"start":{"line":83,"column":21},"end":{"line":83,"column":69}},"42":{"start":{"line":84,"column":2},"end":{"line":84,"column":72}},"43":{"start":{"line":84,"column":22},"end":{"line":84,"column":72}},"44":{"start":{"line":85,"column":2},"end":{"line":85,"column":51}},"45":{"start":{"line":91,"column":33},"end":{"line":101,"column":1}},"46":{"start":{"line":93,"column":18},"end":{"line":93,"column":42}},"47":{"start":{"line":96,"column":2},"end":{"line":98,"column":3}},"48":{"start":{"line":97,"column":4},"end":{"line":97,"column":79}},"49":{"start":{"line":100,"column":2},"end":{"line":100,"column":15}},"50":{"start":{"line":106,"column":30},"end":{"line":114,"column":1}},"51":{"start":{"line":107,"column":2},"end":{"line":107,"column":36}},"52":{"start":{"line":107,"column":19},"end":{"line":107,"column":36}},"53":{"start":{"line":109,"column":12},"end":{"line":109,"column":16}},"54":{"start":{"line":110,"column":16},"end":{"line":110,"column":43}},"55":{"start":{"line":111,"column":12},"end":{"line":111,"column":53}},"56":{"start":{"line":113,"column":2},"end":{"line":113,"column":74}},"57":{"start":{"line":119,"column":28},"end":{"line":121,"column":1}},"58":{"start":{"line":120,"column":2},"end":{"line":120,"column":56}},"59":{"start":{"line":126,"column":33},"end":{"line":137,"column":1}},"60":{"start":{"line":127,"column":2},"end":{"line":129,"column":3}},"61":{"start":{"line":128,"column":4},"end":{"line":128,"column":50}},"62":{"start":{"line":130,"column":2},"end":{"line":132,"column":3}},"63":{"start":{"line":131,"column":4},"end":{"line":131,"column":46}},"64":{"start":{"line":133,"column":2},"end":{"line":135,"column":3}},"65":{"start":{"line":134,"column":4},"end":{"line":134,"column":42}},"66":{"start":{"line":136,"column":2},"end":{"line":136,"column":24}},"67":{"start":{"line":142,"column":30},"end":{"line":151,"column":1}},"68":{"start":{"line":143,"column":16},"end":{"line":143,"column":42}},"69":{"start":{"line":144,"column":18},"end":{"line":144,"column":51}},"70":{"start":{"line":145,"column":15},"end":{"line":145,"column":27}},"71":{"start":{"line":147,"column":2},"end":{"line":149,"column":3}},"72":{"start":{"line":148,"column":4},"end":{"line":148,"column":91}},"73":{"start":{"line":150,"column":2},"end":{"line":150,"column":55}},"74":{"start":{"line":156,"column":29},"end":{"line":170,"column":1}},"75":{"start":{"line":162,"column":16},"end":{"line":167,"column":19}},"76":{"start":{"line":169,"column":2},"end":{"line":169,"column":26}},"77":{"start":{"line":175,"column":28},"end":{"line":178,"column":1}},"78":{"start":{"line":176,"column":2},"end":{"line":176,"column":44}},"79":{"start":{"line":176,"column":32},"end":{"line":176,"column":44}},"80":{"start":{"line":177,"column":2},"end":{"line":177,"column":46}},"81":{"start":{"line":183,"column":26},"end":{"line":186,"column":1}},"82":{"start":{"line":184,"column":2},"end":{"line":184,"column":23}},"83":{"start":{"line":184,"column":13},"end":{"line":184,"column":23}},"84":{"start":{"line":185,"column":2},"end":{"line":185,"column":68}},"85":{"start":{"line":191,"column":31},"end":{"line":196,"column":1}},"86":{"start":{"line":192,"column":2},"end":{"line":195,"column":15}},"87":{"start":{"line":194,"column":17},"end":{"line":194,"column":33}},"88":{"start":{"line":201,"column":30},"end":{"line":203,"column":1}},"89":{"start":{"line":202,"column":2},"end":{"line":202,"column":41}},"90":{"start":{"line":208,"column":32},"end":{"line":210,"column":1}},"91":{"start":{"line":209,"column":2},"end":{"line":209,"column":69}},"92":{"start":{"line":215,"column":29},"end":{"line":217,"column":1}},"93":{"start":{"line":216,"column":2},"end":{"line":216,"column":65}},"94":{"start":{"line":222,"column":33},"end":{"line":235,"column":1}},"95":{"start":{"line":226,"column":22},"end":{"line":231,"column":3}},"96":{"start":{"line":233,"column":17},"end":{"line":233,"column":34}},"97":{"start":{"line":234,"column":2},"end":{"line":234,"column":67}},"98":{"start":{"line":240,"column":32},"end":{"line":242,"column":1}},"99":{"start":{"line":241,"column":2},"end":{"line":241,"column":48}},"100":{"start":{"line":247,"column":38},"end":{"line":250,"column":1}},"101":{"start":{"line":248,"column":21},"end":{"line":248,"column":52}},"102":{"start":{"line":249,"column":2},"end":{"line":249,"column":51}},"103":{"start":{"line":255,"column":28},"end":{"line":258,"column":1}},"104":{"start":{"line":256,"column":21},"end":{"line":256,"column":49}},"105":{"start":{"line":257,"column":2},"end":{"line":257,"column":32}}},"fnMap":{"0":{"name":"(anonymous_0)","decl":{"start":{"line":9,"column":30},"end":{"line":9,"column":31}},"loc":{"start":{"line":9,"column":58},"end":{"line":11,"column":1}},"line":9},"1":{"name":"(anonymous_1)","decl":{"start":{"line":16,"column":35},"end":{"line":16,"column":36}},"loc":{"start":{"line":16,"column":63},"end":{"line":24,"column":1}},"line":16},"2":{"name":"(anonymous_2)","decl":{"start":{"line":29,"column":26},"end":{"line":29,"column":27}},"loc":{"start":{"line":29,"column":73},"end":{"line":31,"column":1}},"line":29},"3":{"name":"(anonymous_3)","decl":{"start":{"line":36,"column":32},"end":{"line":36,"column":33}},"loc":{"start":{"line":36,"column":81},"end":{"line":38,"column":1}},"line":36},"4":{"name":"(anonymous_4)","decl":{"start":{"line":43,"column":26},"end":{"line":43,"column":27}},"loc":{"start":{"line":43,"column":59},"end":{"line":49,"column":1}},"line":43},"5":{"name":"(anonymous_5)","decl":{"start":{"line":54,"column":26},"end":{"line":54,"column":27}},"loc":{"start":{"line":54,"column":59},"end":{"line":59,"column":1}},"line":54},"6":{"name":"(anonymous_6)","decl":{"start":{"line":64,"column":30},"end":{"line":64,"column":31}},"loc":{"start":{"line":64,"column":63},"end":{"line":66,"column":1}},"line":64},"7":{"name":"(anonymous_7)","decl":{"start":{"line":71,"column":34},"end":{"line":71,"column":35}},"loc":{"start":{"line":71,"column":67},"end":{"line":86,"column":1}},"line":71},"8":{"name":"(anonymous_8)","decl":{"start":{"line":91,"column":33},"end":{"line":91,"column":34}},"loc":{"start":{"line":91,"column":60},"end":{"line":101,"column":1}},"line":91},"9":{"name":"(anonymous_9)","decl":{"start":{"line":106,"column":30},"end":{"line":106,"column":31}},"loc":{"start":{"line":106,"column":57},"end":{"line":114,"column":1}},"line":106},"10":{"name":"(anonymous_10)","decl":{"start":{"line":119,"column":28},"end":{"line":119,"column":29}},"loc":{"start":{"line":119,"column":79},"end":{"line":121,"column":1}},"line":119},"11":{"name":"(anonymous_11)","decl":{"start":{"line":126,"column":33},"end":{"line":126,"column":34}},"loc":{"start":{"line":126,"column":58},"end":{"line":137,"column":1}},"line":126},"12":{"name":"(anonymous_12)","decl":{"start":{"line":142,"column":30},"end":{"line":142,"column":31}},"loc":{"start":{"line":142,"column":59},"end":{"line":151,"column":1}},"line":142},"13":{"name":"(anonymous_13)","decl":{"start":{"line":156,"column":29},"end":{"line":156,"column":30}},"loc":{"start":{"line":161,"column":14},"end":{"line":170,"column":1}},"line":161},"14":{"name":"(anonymous_14)","decl":{"start":{"line":175,"column":28},"end":{"line":175,"column":29}},"loc":{"start":{"line":175,"column":73},"end":{"line":178,"column":1}},"line":175},"15":{"name":"(anonymous_15)","decl":{"start":{"line":183,"column":26},"end":{"line":183,"column":27}},"loc":{"start":{"line":183,"column":52},"end":{"line":186,"column":1}},"line":183},"16":{"name":"(anonymous_16)","decl":{"start":{"line":191,"column":31},"end":{"line":191,"column":32}},"loc":{"start":{"line":191,"column":57},"end":{"line":196,"column":1}},"line":191},"17":{"name":"(anonymous_17)","decl":{"start":{"line":194,"column":9},"end":{"line":194,"column":10}},"loc":{"start":{"line":194,"column":17},"end":{"line":194,"column":33}},"line":194},"18":{"name":"(anonymous_18)","decl":{"start":{"line":201,"column":30},"end":{"line":201,"column":31}},"loc":{"start":{"line":201,"column":74},"end":{"line":203,"column":1}},"line":201},"19":{"name":"(anonymous_19)","decl":{"start":{"line":208,"column":32},"end":{"line":208,"column":33}},"loc":{"start":{"line":208,"column":70},"end":{"line":210,"column":1}},"line":208},"20":{"name":"(anonymous_20)","decl":{"start":{"line":215,"column":29},"end":{"line":215,"column":30}},"loc":{"start":{"line":215,"column":65},"end":{"line":217,"column":1}},"line":215},"21":{"name":"(anonymous_21)","decl":{"start":{"line":222,"column":33},"end":{"line":222,"column":34}},"loc":{"start":{"line":225,"column":13},"end":{"line":235,"column":1}},"line":225},"22":{"name":"(anonymous_22)","decl":{"start":{"line":240,"column":32},"end":{"line":240,"column":33}},"loc":{"start":{"line":240,"column":70},"end":{"line":242,"column":1}},"line":240},"23":{"name":"(anonymous_23)","decl":{"start":{"line":247,"column":38},"end":{"line":247,"column":39}},"loc":{"start":{"line":247,"column":66},"end":{"line":250,"column":1}},"line":247},"24":{"name":"(anonymous_24)","decl":{"start":{"line":255,"column":28},"end":{"line":255,"column":29}},"loc":{"start":{"line":255,"column":56},"end":{"line":258,"column":1}},"line":255}},"branchMap":{"0":{"loc":{"start":{"line":17,"column":2},"end":{"line":19,"column":3}},"type":"if","locations":[{"start":{"line":17,"column":2},"end":{"line":19,"column":3}},{"start":{},"end":{}}],"line":17},"1":{"loc":{"start":{"line":20,"column":2},"end":{"line":22,"column":3}},"type":"if","locations":[{"start":{"line":20,"column":2},"end":{"line":22,"column":3}},{"start":{},"end":{}}],"line":20},"2":{"loc":{"start":{"line":29,"column":41},"end":{"line":29,"column":60}},"type":"default-arg","locations":[{"start":{"line":29,"column":56},"end":{"line":29,"column":60}}],"line":29},"3":{"loc":{"start":{"line":36,"column":48},"end":{"line":36,"column":68}},"type":"default-arg","locations":[{"start":{"line":36,"column":67},"end":{"line":36,"column":68}}],"line":36},"4":{"loc":{"start":{"line":44,"column":12},"end":{"line":44,"column":60}},"type":"cond-expr","locations":[{"start":{"line":44,"column":39},"end":{"line":44,"column":53}},{"start":{"line":44,"column":56},"end":{"line":44,"column":60}}],"line":44},"5":{"loc":{"start":{"line":55,"column":12},"end":{"line":55,"column":60}},"type":"cond-expr","locations":[{"start":{"line":55,"column":39},"end":{"line":55,"column":53}},{"start":{"line":55,"column":56},"end":{"line":55,"column":60}}],"line":55},"6":{"loc":{"start":{"line":72,"column":12},"end":{"line":72,"column":60}},"type":"cond-expr","locations":[{"start":{"line":72,"column":39},"end":{"line":72,"column":53}},{"start":{"line":72,"column":56},"end":{"line":72,"column":60}}],"line":72},"7":{"loc":{"start":{"line":79,"column":2},"end":{"line":79,"column":38}},"type":"if","locations":[{"start":{"line":79,"column":2},"end":{"line":79,"column":38}},{"start":{},"end":{}}],"line":79},"8":{"loc":{"start":{"line":80,"column":2},"end":{"line":80,"column":53}},"type":"if","locations":[{"start":{"line":80,"column":2},"end":{"line":80,"column":53}},{"start":{},"end":{}}],"line":80},"9":{"loc":{"start":{"line":81,"column":2},"end":{"line":81,"column":54}},"type":"if","locations":[{"start":{"line":81,"column":2},"end":{"line":81,"column":54}},{"start":{},"end":{}}],"line":81},"10":{"loc":{"start":{"line":82,"column":2},"end":{"line":82,"column":52}},"type":"if","locations":[{"start":{"line":82,"column":2},"end":{"line":82,"column":52}},{"start":{},"end":{}}],"line":82},"11":{"loc":{"start":{"line":83,"column":2},"end":{"line":83,"column":69}},"type":"if","locations":[{"start":{"line":83,"column":2},"end":{"line":83,"column":69}},{"start":{},"end":{}}],"line":83},"12":{"loc":{"start":{"line":84,"column":2},"end":{"line":84,"column":72}},"type":"if","locations":[{"start":{"line":84,"column":2},"end":{"line":84,"column":72}},{"start":{},"end":{}}],"line":84},"13":{"loc":{"start":{"line":96,"column":2},"end":{"line":98,"column":3}},"type":"if","locations":[{"start":{"line":96,"column":2},"end":{"line":98,"column":3}},{"start":{},"end":{}}],"line":96},"14":{"loc":{"start":{"line":107,"column":2},"end":{"line":107,"column":36}},"type":"if","locations":[{"start":{"line":107,"column":2},"end":{"line":107,"column":36}},{"start":{},"end":{}}],"line":107},"15":{"loc":{"start":{"line":119,"column":45},"end":{"line":119,"column":66}},"type":"default-arg","locations":[{"start":{"line":119,"column":65},"end":{"line":119,"column":66}}],"line":119},"16":{"loc":{"start":{"line":127,"column":2},"end":{"line":129,"column":3}},"type":"if","locations":[{"start":{"line":127,"column":2},"end":{"line":129,"column":3}},{"start":{},"end":{}}],"line":127},"17":{"loc":{"start":{"line":130,"column":2},"end":{"line":132,"column":3}},"type":"if","locations":[{"start":{"line":130,"column":2},"end":{"line":132,"column":3}},{"start":{},"end":{}}],"line":130},"18":{"loc":{"start":{"line":133,"column":2},"end":{"line":135,"column":3}},"type":"if","locations":[{"start":{"line":133,"column":2},"end":{"line":135,"column":3}},{"start":{},"end":{}}],"line":133},"19":{"loc":{"start":{"line":147,"column":2},"end":{"line":149,"column":3}},"type":"if","locations":[{"start":{"line":147,"column":2},"end":{"line":149,"column":3}},{"start":{},"end":{}}],"line":147},"20":{"loc":{"start":{"line":176,"column":2},"end":{"line":176,"column":44}},"type":"if","locations":[{"start":{"line":176,"column":2},"end":{"line":176,"column":44}},{"start":{},"end":{}}],"line":176},"21":{"loc":{"start":{"line":184,"column":2},"end":{"line":184,"column":23}},"type":"if","locations":[{"start":{"line":184,"column":2},"end":{"line":184,"column":23}},{"start":{},"end":{}}],"line":184},"22":{"loc":{"start":{"line":216,"column":9},"end":{"line":216,"column":64}},"type":"binary-expr","locations":[{"start":{"line":216,"column":9},"end":{"line":216,"column":59}},{"start":{"line":216,"column":63},"end":{"line":216,"column":64}}],"line":216}},"s":{"0":1,"1":2,"2":1,"3":5,"4":1,"5":4,"6":3,"7":1,"8":1,"9":2,"10":1,"11":2,"12":1,"13":2,"14":2,"15":2,"16":2,"17":2,"18":1,"19":2,"20":2,"21":2,"22":2,"23":1,"24":1,"25":1,"26":1,"27":1,"28":1,"29":1,"30":1,"31":1,"32":1,"33":0,"34":1,"35":1,"36":0,"37":0,"38":0,"39":0,"40":0,"41":0,"42":0,"43":0,"44":0,"45":1,"46":1,"47":1,"48":1,"49":0,"50":1,"51":1,"52":0,"53":1,"54":1,"55":1,"56":1,"57":1,"58":1,"59":1,"60":3,"61":1,"62":2,"63":1,"64":1,"65":1,"66":0,"67":1,"68":2,"69":2,"70":2,"71":2,"72":1,"73":1,"74":1,"75":2,"76":2,"77":1,"78":2,"79":1,"80":1,"81":1,"82":4,"83":0,"84":4,"85":1,"86":1,"87":2,"88":1,"89":1,"90":1,"91":1,"92":1,"93":2,"94":1,"95":0,"96":0,"97":0,"98":1,"99":0,"100":1,"101":4,"102":4,"103":1,"104":4,"105":4},"f":{"0":2,"1":5,"2":2,"3":2,"4":2,"5":2,"6":1,"7":1,"8":1,"9":1,"10":1,"11":3,"12":2,"13":2,"14":2,"15":4,"16":1,"17":2,"18":1,"19":1,"20":2,"21":0,"22":0,"23":4,"24":4},"b":{"0":[1,4],"1":[3,1],"2":[1],"3":[1],"4":[0,2],"5":[0,2],"6":[0,1],"7":[0,1],"8":[1,0],"9":[0,0],"10":[0,0],"11":[0,0],"12":[0,0],"13":[1,0],"14":[0,1],"15":[1],"16":[1,2],"17":[1,1],"18":[1,0],"19":[1,1],"20":[1,1],"21":[0,4],"22":[2,1]},"_coverageSchema":"1a1c01bbd47fc00a2c39e90264f33305004495a9","hash":"cd08e3c251056a825a86e6a767365cc27f4593e7"}
}
