TN:
SF:services\aiApi.ts
FN:95,(anonymous_0)
FN:125,(anonymous_1)
FN:141,(anonymous_2)
FN:153,(anonymous_3)
FN:165,(anonymous_4)
FN:178,(anonymous_5)
FN:199,(anonymous_6)
FN:220,(anonymous_7)
FN:232,(anonymous_8)
FN:244,(anonymous_9)
FN:261,(anonymous_10)
FN:281,(anonymous_11)
FNF:12
FNH:5
FNDA:2,(anonymous_0)
FNDA:1,(anonymous_1)
FNDA:0,(anonymous_2)
FNDA:0,(anonymous_3)
FNDA:0,(anonymous_4)
FNDA:2,(anonymous_5)
FNDA:1,(anonymous_6)
FNDA:1,(anonymous_7)
FNDA:0,(anonymous_8)
FNDA:0,(anonymous_9)
FNDA:0,(anonymous_10)
FNDA:0,(anonymous_11)
DA:100,2
DA:101,2
DA:110,1
DA:118,1
DA:126,1
DA:127,1
DA:132,1
DA:134,0
DA:142,0
DA:143,0
DA:144,0
DA:146,0
DA:154,0
DA:155,0
DA:156,0
DA:158,0
DA:166,0
DA:167,0
DA:171,0
DA:184,2
DA:185,2
DA:190,1
DA:192,1
DA:205,1
DA:206,1
DA:211,1
DA:213,0
DA:221,1
DA:222,1
DA:223,1
DA:225,0
DA:233,0
DA:234,0
DA:235,0
DA:237,0
DA:250,0
DA:251,0
DA:252,0
DA:254,0
DA:270,0
DA:271,0
DA:272,0
DA:274,0
DA:288,0
DA:289,0
DA:290,0
DA:292,0
DA:297,1
LF:48
LH:18
BRDA:144,0,0,0
BRDA:144,0,1,0
BRDA:211,1,0,1
BRDA:211,1,1,1
BRDA:290,2,0,0
BRDA:290,2,1,0
BRF:6
BRH:2
end_of_record
TN:
SF:services\fleetApi.ts
FN:90,(anonymous_0)
FN:108,(anonymous_1)
FN:120,(anonymous_2)
FN:135,(anonymous_3)
FN:150,(anonymous_4)
FN:167,(anonymous_5)
FN:184,(anonymous_6)
FN:203,(anonymous_7)
FN:220,(anonymous_8)
FN:238,(anonymous_9)
FN:255,(anonymous_10)
FN:270,(anonymous_11)
FN:289,(anonymous_12)
FN:304,(anonymous_13)
FN:316,(anonymous_14)
FN:334,(anonymous_15)
FNF:16
FNH:4
FNDA:2,(anonymous_0)
FNDA:0,(anonymous_1)
FNDA:0,(anonymous_2)
FNDA:0,(anonymous_3)
FNDA:0,(anonymous_4)
FNDA:0,(anonymous_5)
FNDA:0,(anonymous_6)
FNDA:1,(anonymous_7)
FNDA:0,(anonymous_8)
FNDA:0,(anonymous_9)
FNDA:0,(anonymous_10)
FNDA:0,(anonymous_11)
FNDA:0,(anonymous_12)
FNDA:1,(anonymous_13)
FNDA:1,(anonymous_14)
FNDA:0,(anonymous_15)
DA:96,2
DA:97,2
DA:98,2
DA:99,2
DA:101,0
DA:109,0
DA:110,0
DA:111,0
DA:113,0
DA:121,0
DA:122,0
DA:126,0
DA:128,0
DA:136,0
DA:137,0
DA:141,0
DA:143,0
DA:156,0
DA:157,0
DA:158,0
DA:160,0
DA:171,0
DA:172,0
DA:177,0
DA:191,0
DA:192,0
DA:193,0
DA:194,0
DA:196,0
DA:206,1
DA:207,1
DA:211,1
DA:213,0
DA:224,0
DA:225,0
DA:229,0
DA:231,0
DA:243,0
DA:244,0
DA:245,0
DA:246,0
DA:248,0
DA:256,0
DA:257,0
DA:261,0
DA:263,0
DA:277,0
DA:278,0
DA:279,0
DA:280,0
DA:282,0
DA:290,0
DA:291,0
DA:295,0
DA:297,0
DA:305,1
DA:306,1
DA:307,1
DA:309,0
DA:321,1
DA:322,1
DA:327,0
DA:335,0
DA:336,0
DA:340,0
DA:345,1
LF:66
LH:13
BRF:0
BRH:0
end_of_record
TN:
SF:services\offlineSyncManager.ts
FN:72,(anonymous_0)
FN:94,(anonymous_1)
FN:98,(anonymous_2)
FN:99,(anonymous_3)
FN:104,(anonymous_4)
FN:110,(anonymous_5)
FN:115,(anonymous_6)
FN:120,(anonymous_7)
FN:129,(anonymous_8)
FN:131,(anonymous_9)
FN:142,(anonymous_10)
FN:149,(anonymous_11)
FN:164,(anonymous_12)
FN:187,(anonymous_13)
FN:188,(anonymous_14)
FN:193,(anonymous_15)
FN:197,(anonymous_16)
FN:198,(anonymous_17)
FN:201,(anonymous_18)
FN:202,(anonymous_19)
FN:209,(anonymous_20)
FN:220,(anonymous_21)
FN:244,(anonymous_22)
FN:256,(anonymous_23)
FN:300,(anonymous_24)
FN:312,(anonymous_25)
FN:334,(anonymous_26)
FN:337,(anonymous_27)
FN:349,(anonymous_28)
FN:362,(anonymous_29)
FN:370,(anonymous_30)
FN:381,(anonymous_31)
FN:395,(anonymous_32)
FN:399,(anonymous_33)
FN:402,(anonymous_34)
FN:406,(anonymous_35)
FN:409,(anonymous_36)
FN:411,(anonymous_37)
FN:418,(anonymous_38)
FN:428,(anonymous_39)
FN:432,(anonymous_40)
FN:440,(anonymous_41)
FNF:42
FNH:29
FNDA:12,(anonymous_0)
FNDA:1,(anonymous_1)
FNDA:0,(anonymous_2)
FNDA:0,(anonymous_3)
FNDA:0,(anonymous_4)
FNDA:1,(anonymous_5)
FNDA:1,(anonymous_6)
FNDA:0,(anonymous_7)
FNDA:1,(anonymous_8)
FNDA:0,(anonymous_9)
FNDA:0,(anonymous_10)
FNDA:0,(anonymous_11)
FNDA:4,(anonymous_12)
FNDA:1,(anonymous_13)
FNDA:4,(anonymous_14)
FNDA:1,(anonymous_15)
FNDA:15,(anonymous_16)
FNDA:39,(anonymous_17)
FNDA:14,(anonymous_18)
FNDA:36,(anonymous_19)
FNDA:4,(anonymous_20)
FNDA:7,(anonymous_21)
FNDA:7,(anonymous_22)
FNDA:7,(anonymous_23)
FNDA:1,(anonymous_24)
FNDA:2,(anonymous_25)
FNDA:0,(anonymous_26)
FNDA:0,(anonymous_27)
FNDA:1,(anonymous_28)
FNDA:8,(anonymous_29)
FNDA:1,(anonymous_30)
FNDA:3,(anonymous_31)
FNDA:2,(anonymous_32)
FNDA:1,(anonymous_33)
FNDA:0,(anonymous_34)
FNDA:0,(anonymous_35)
FNDA:11,(anonymous_36)
FNDA:0,(anonymous_37)
FNDA:14,(anonymous_38)
FNDA:1,(anonymous_39)
FNDA:4,(anonymous_40)
FNDA:0,(anonymous_41)
DA:46,1
DA:57,1
DA:58,1
DA:59,1
DA:60,1
DA:61,1
DA:62,1
DA:63,1
DA:64,1
DA:65,1
DA:66,1
DA:73,12
DA:75,1
DA:78,1
DA:79,1
DA:82,1
DA:85,1
DA:88,1
DA:90,1
DA:91,1
DA:96,1
DA:97,0
DA:98,0
DA:99,0
DA:100,0
DA:104,1
DA:105,0
DA:106,0
DA:110,1
DA:111,1
DA:116,1
DA:118,1
DA:121,0
DA:122,0
DA:123,0
DA:131,1
DA:132,0
DA:133,0
DA:143,0
DA:144,0
DA:146,0
DA:149,0
DA:152,0
DA:153,0
DA:154,0
DA:157,0
DA:165,4
DA:173,4
DA:174,4
DA:176,4
DA:179,4
DA:180,4
DA:183,4
DA:184,4
DA:188,4
DA:189,1
DA:190,1
DA:194,1
DA:198,39
DA:202,36
DA:210,4
DA:211,1
DA:212,1
DA:215,3
DA:216,0
DA:217,0
DA:220,7
DA:221,3
DA:222,0
DA:225,3
DA:226,3
DA:227,3
DA:229,3
DA:230,7
DA:231,7
DA:232,7
DA:233,0
DA:234,0
DA:236,7
DA:237,7
DA:238,7
DA:239,7
DA:244,7
DA:245,3
DA:247,3
DA:248,3
DA:250,3
DA:251,3
DA:253,3
DA:258,7
DA:260,0
DA:268,0
DA:269,0
DA:270,0
DA:273,0
DA:275,0
DA:279,0
DA:282,0
DA:286,0
DA:289,0
DA:292,0
DA:301,1
DA:302,1
DA:303,1
DA:308,0
DA:313,2
DA:314,2
DA:315,2
DA:317,2
DA:319,2
DA:320,2
DA:322,2
DA:323,0
DA:324,0
DA:327,2
DA:329,0
DA:330,0
DA:335,0
DA:336,0
DA:337,0
DA:338,0
DA:339,0
DA:341,0
DA:350,1
DA:351,1
DA:352,1
DA:353,0
DA:354,0
DA:357,0
DA:358,0
DA:363,8
DA:364,8
DA:366,0
DA:371,1
DA:372,1
DA:373,1
DA:374,0
DA:377,0
DA:382,3
DA:383,3
DA:384,3
DA:387,0
DA:396,2
DA:398,2
DA:399,2
DA:403,0
DA:405,0
DA:406,0
DA:410,11
DA:411,11
DA:419,14
DA:429,1
DA:433,4
DA:441,0
DA:442,0
DA:443,0
DA:446,0
DA:447,0
DA:448,0
DA:451,0
DA:452,0
DA:453,0
DA:456,0
DA:457,0
DA:458,0
DA:460,0
DA:468,1
LF:167
LH:97
BRDA:73,0,0,11
BRDA:73,0,1,1
BRDA:96,1,0,0
BRDA:96,1,1,1
BRDA:97,2,0,0
BRDA:97,2,1,0
BRDA:105,3,0,0
BRDA:105,3,1,0
BRDA:111,4,0,1
BRDA:111,4,1,0
BRDA:116,5,0,0
BRDA:116,5,1,1
BRDA:121,6,0,0
BRDA:121,6,1,0
BRDA:132,7,0,0
BRDA:132,7,1,0
BRDA:132,8,0,0
BRDA:132,8,1,0
BRDA:146,9,0,0
BRDA:146,9,1,0
BRDA:152,10,0,0
BRDA:152,10,1,0
BRDA:152,11,0,0
BRDA:152,11,1,0
BRDA:179,12,0,4
BRDA:179,12,1,0
BRDA:210,13,0,1
BRDA:210,13,1,3
BRDA:215,14,0,0
BRDA:215,14,1,3
BRDA:220,15,0,7
BRDA:220,15,1,0
BRDA:221,16,0,0
BRDA:221,16,1,3
BRDA:237,17,0,1
BRDA:237,17,1,6
BRDA:238,18,0,0
BRDA:238,18,1,7
BRDA:269,19,0,0
BRDA:269,19,1,0
BRDA:273,20,0,0
BRDA:273,20,1,0
BRDA:273,20,2,0
BRDA:312,21,0,1
BRDA:317,22,0,0
BRDA:317,22,1,2
BRDA:322,23,0,0
BRDA:322,23,1,2
BRDA:352,24,0,0
BRDA:352,24,1,1
BRDA:373,25,0,0
BRDA:373,25,1,1
BRDA:383,26,0,3
BRDA:383,26,1,0
BRDA:441,27,0,0
BRDA:441,27,1,0
BRDA:446,28,0,0
BRDA:446,28,1,0
BRDA:451,29,0,0
BRDA:451,29,1,0
BRF:60
BRH:20
end_of_record
TN:
SF:utils\formatters.ts
FN:9,(anonymous_0)
FN:16,(anonymous_1)
FN:29,(anonymous_2)
FN:36,(anonymous_3)
FN:43,(anonymous_4)
FN:54,(anonymous_5)
FN:64,(anonymous_6)
FN:71,(anonymous_7)
FN:91,(anonymous_8)
FN:106,(anonymous_9)
FN:119,(anonymous_10)
FN:126,(anonymous_11)
FN:142,(anonymous_12)
FN:156,(anonymous_13)
FN:175,(anonymous_14)
FN:183,(anonymous_15)
FN:191,(anonymous_16)
FN:194,(anonymous_17)
FN:201,(anonymous_18)
FN:208,(anonymous_19)
FN:215,(anonymous_20)
FN:222,(anonymous_21)
FN:240,(anonymous_22)
FN:247,(anonymous_23)
FN:255,(anonymous_24)
FNF:25
FNH:23
FNDA:2,(anonymous_0)
FNDA:5,(anonymous_1)
FNDA:2,(anonymous_2)
FNDA:2,(anonymous_3)
FNDA:2,(anonymous_4)
FNDA:2,(anonymous_5)
FNDA:1,(anonymous_6)
FNDA:1,(anonymous_7)
FNDA:1,(anonymous_8)
FNDA:1,(anonymous_9)
FNDA:1,(anonymous_10)
FNDA:3,(anonymous_11)
FNDA:2,(anonymous_12)
FNDA:2,(anonymous_13)
FNDA:2,(anonymous_14)
FNDA:4,(anonymous_15)
FNDA:1,(anonymous_16)
FNDA:2,(anonymous_17)
FNDA:1,(anonymous_18)
FNDA:1,(anonymous_19)
FNDA:2,(anonymous_20)
FNDA:0,(anonymous_21)
FNDA:0,(anonymous_22)
FNDA:4,(anonymous_23)
FNDA:4,(anonymous_24)
DA:9,1
DA:10,2
DA:16,1
DA:17,5
DA:18,1
DA:20,4
DA:21,3
DA:23,1
DA:29,1
DA:30,2
DA:36,1
DA:37,2
DA:43,1
DA:44,2
DA:45,2
DA:46,2
DA:47,2
DA:48,2
DA:54,1
DA:55,2
DA:56,2
DA:57,2
DA:58,2
DA:64,1
DA:65,1
DA:71,1
DA:72,1
DA:73,1
DA:74,1
DA:75,1
DA:76,1
DA:77,1
DA:79,1
DA:80,1
DA:81,0
DA:82,0
DA:83,0
DA:84,0
DA:85,0
DA:91,1
DA:93,1
DA:96,1
DA:97,1
DA:100,0
DA:106,1
DA:107,1
DA:109,1
DA:110,1
DA:111,1
DA:113,1
DA:119,1
DA:120,1
DA:126,1
DA:127,3
DA:128,1
DA:130,2
DA:131,1
DA:133,1
DA:134,1
DA:136,0
DA:142,1
DA:143,2
DA:144,2
DA:145,2
DA:147,2
DA:148,1
DA:150,1
DA:156,1
DA:162,2
DA:169,2
DA:175,1
DA:176,2
DA:177,1
DA:183,1
DA:184,4
DA:185,4
DA:191,1
DA:192,1
DA:194,2
DA:201,1
DA:202,1
DA:208,1
DA:209,1
DA:215,1
DA:216,2
DA:222,1
DA:226,0
DA:233,0
DA:234,0
DA:240,1
DA:241,0
DA:247,1
DA:248,4
DA:249,4
DA:255,1
DA:256,4
DA:257,4
LF:97
LH:86
BRDA:17,0,0,1
BRDA:17,0,1,4
BRDA:20,1,0,3
BRDA:20,1,1,1
BRDA:29,2,0,1
BRDA:36,3,0,1
BRDA:44,4,0,0
BRDA:44,4,1,2
BRDA:55,5,0,0
BRDA:55,5,1,2
BRDA:72,6,0,0
BRDA:72,6,1,1
BRDA:79,7,0,0
BRDA:79,7,1,1
BRDA:80,8,0,1
BRDA:80,8,1,0
BRDA:81,9,0,0
BRDA:81,9,1,0
BRDA:82,10,0,0
BRDA:82,10,1,0
BRDA:83,11,0,0
BRDA:83,11,1,0
BRDA:84,12,0,0
BRDA:84,12,1,0
BRDA:96,13,0,1
BRDA:96,13,1,0
BRDA:107,14,0,0
BRDA:107,14,1,1
BRDA:119,15,0,1
BRDA:127,16,0,1
BRDA:127,16,1,2
BRDA:130,17,0,1
BRDA:130,17,1,1
BRDA:133,18,0,1
BRDA:133,18,1,0
BRDA:147,19,0,1
BRDA:147,19,1,1
BRDA:176,20,0,1
BRDA:176,20,1,1
BRDA:184,21,0,0
BRDA:184,21,1,4
BRDA:216,22,0,2
BRDA:216,22,1,1
BRF:43
BRH:26
end_of_record
